#
# A fatal error has been detected by the Java Runtime Environment:
#
#  EXCEPTION_ACCESS_VIOLATION (0xc0000005) at pc=0x00007ffbd42b6a98, pid=23392, tid=29008
#
# JRE version: Java(TM) SE Runtime Environment (18.0.2.1+1) (build 18.0.2.1+1-1)
# Java VM: Java HotSpot(TM) 64-Bit Server VM (18.0.2.1+1-1, mixed mode, sharing, tiered, compressed oops, compressed class ptrs, g1 gc, windows-amd64)
# Problematic frame:
# C  [ntdll.dll+0x46a98]
#
# No core dump will be written. Minidumps are not enabled by default on client versions of Windows
#
# If you would like to submit a bug report, please visit:
#   https://bugreport.java.com/bugreport/crash.jsp
# The crash happened outside the Java Virtual Machine in native code.
# See problematic frame for where to report the bug.
#

---------------  S U M M A R Y ------------

Command Line: -Dfile.encoding=windows-1252 -Duser.country=IN -Duser.language=en -Duser.variant com.badlogic.drop.DesktopLauncher

Host: Intel(R) Core(TM) i5-10500H CPU @ 2.50GHz, 12 cores, 7G,  Windows 11 , 64 bit Build 22621 (10.0.22621.755)
Time: Wed Nov 23 21:59:05 2022 India Standard Time elapsed time: 34.973160 seconds (0d 0h 0m 34s)

---------------  T H R E A D  ---------------

Current thread (0x000002469b5894f0):  JavaThread "main" [_thread_in_native, id=29008, stack(0x000000e7f1800000,0x000000e7f1900000)]

Stack: [0x000000e7f1800000,0x000000e7f1900000],  sp=0x000000e7f18fe970,  free space=1018k
Native frames: (J=compiled Java code, j=interpreted, Vv=VM code, C=native code)
C  [ntdll.dll+0x46a98]
C  [ntdll.dll+0x451eb]
C  [ntdll.dll+0x39df8]
C  [ntdll.dll+0x3c514]
C  [ntdll.dll+0x3b1e1]
C  [msvcrt.dll+0x1cadc]
C  0x00000246a2ebd621

Java frames: (J=compiled Java code, j=interpreted, Vv=VM code)
j  com.badlogic.gdx.utils.BufferUtils.freeMemory(Ljava/nio/ByteBuffer;)V+0
j  com.badlogic.gdx.utils.BufferUtils.disposeUnsafeByteBuffer(Ljava/nio/ByteBuffer;)V+51
j  com.badlogic.gdx.graphics.glutils.VertexArray.dispose()V+4
j  com.badlogic.gdx.graphics.Mesh.dispose()V+38
j  com.badlogic.gdx.graphics.g2d.SpriteBatch.dispose()V+4
j  com.badlogic.drop.Drop.dispose()V+4
j  com.badlogic.gdx.backends.lwjgl3.Lwjgl3Window.dispose()V+13
j  com.badlogic.gdx.backends.lwjgl3.Lwjgl3Application.loop()V+408
j  com.badlogic.gdx.backends.lwjgl3.Lwjgl3Application.<init>(Lcom/badlogic/gdx/ApplicationListener;Lcom/badlogic/gdx/backends/lwjgl3/Lwjgl3ApplicationConfiguration;)V+269
j  com.badlogic.drop.DesktopLauncher.main([Ljava/lang/String;)V+47
v  ~StubRoutines::call_stub

siginfo: EXCEPTION_ACCESS_VIOLATION (0xc0000005), writing address 0x00000000fefffff7


Register to memory mapping:

RIP=0x00007ffbd42b6a98 ntdll.dll
RAX=0x0000000073757e46 is an unknown value
RBX=0x0000024699580000 points into unknown readable memory: 0x0000000000000000 | 00 00 00 00 00 00 00 00
RCX=0x000000007ffe038a points into unknown readable memory: 00 00 00 00 00 00
RDX=0x0 is NULL
RSP=0x000000e7f18fe970 is pointing into the stack for thread: 0x000002469b5894f0
RBP=0x0000024699580150 points into unknown readable memory: 0x000002469958dfc0 | c0 df 58 99 46 02 00 00
RSI=0x00000000feffffff is an unallocated location in the heap
RDI=0x0000024699580000 points into unknown readable memory: 0x0000000000000000 | 00 00 00 00 00 00 00 00
R8 =0x000000e7f18fe8d8 is pointing into the stack for thread: 0x000002469b5894f0
R9 =0x0 is NULL
R10=0x0 is NULL
R11=0x0000000000000246 is an unknown value
R12=0x000000007ffe0300 points into unknown readable memory: 0x0000000000989680 | 80 96 98 00 00 00 00 00
R13=0x0000024699580000 points into unknown readable memory: 0x0000000000000000 | 00 00 00 00 00 00 00 00
R14=0x00000246c1715fc0 points into unknown readable memory: 0x0000000000000000 | 00 00 00 00 00 00 00 00
R15=0x0 is NULL


Registers:
RAX=0x0000000073757e46, RBX=0x0000024699580000, RCX=0x000000007ffe038a, RDX=0x0000000000000000
RSP=0x000000e7f18fe970, RBP=0x0000024699580150, RSI=0x00000000feffffff, RDI=0x0000024699580000
R8 =0x000000e7f18fe8d8, R9 =0x0000000000000000, R10=0x0000000000000000, R11=0x0000000000000246
R12=0x000000007ffe0300, R13=0x0000024699580000, R14=0x00000246c1715fc0, R15=0x0000000000000000
RIP=0x00007ffbd42b6a98, EFLAGS=0x0000000000010206

Top of Stack: (sp=0x000000e7f18fe970)
0x000000e7f18fe970:   00000000000e8000 00000246c7448000
0x000000e7f18fe980:   0000024699580000 00000246c7447010
0x000000e7f18fe990:   0000000000047040 00007ffbd42b51eb
0x000000e7f18fe9a0:   0000024699580000 000000e7f18fea00
0x000000e7f18fe9b0:   00000246c1715fc0 00000246c1715fc0
0x000000e7f18fe9c0:   0000000087d4a8d8 0000000087d4a8d8
0x000000e7f18fe9d0:   0000000800c009f0 0000000000000000
0x000000e7f18fe9e0:   000000000000000c 000000e7f18febe8
0x000000e7f18fe9f0:   0000000000000000 00007ffb50cbc829
0x000000e7f18fea00:   0000000000000000 0000000000000001
0x000000e7f18fea10:   0000024699580000 000000007ffe0380
0x000000e7f18fea20:   0000000000000000 00000246c1715fc0
0x000000e7f18fea30:   00000246c1715fc0 00007ffbd42a9df8
0x000000e7f18fea40:   000000e700000006 0000024699580000
0x000000e7f18fea50:   0000000000001389 00007ffbd1dc3e00
0x000000e7f18fea60:   000000e7f18feb08 00007ffb5086c0b8 

Instructions: (pc=0x00007ffbd42b6a98)
0x00007ffbd42b6998:   05 00 8b d8 85 c0 0f 88 71 8c 07 00 e8 d7 48 ff
0x00007ffbd42b69a8:   ff bb 80 03 fe 7f 41 bf 26 02 00 00 85 c0 0f 85
0x00007ffbd42b69b8:   99 8c 07 00 8b cb 80 39 00 0f 85 a6 8c 07 00 48
0x00007ffbd42b69c8:   8b 45 20 48 29 87 98 02 00 00 ff 8f 94 02 00 00
0x00007ffbd42b69d8:   e8 a3 48 ff ff 85 c0 0f 85 ba 8c 07 00 48 8b cb
0x00007ffbd42b69e8:   80 39 00 0f 85 c6 8c 07 00 e8 8a 48 ff ff bb 8a
0x00007ffbd42b69f8:   03 fe 7f 41 bf 30 02 00 00 85 c0 0f 85 09 8d 07
0x00007ffbd42b6a08:   00 8b cb 80 39 00 0f 85 16 8d 07 00 ff 87 70 02
0x00007ffbd42b6a18:   00 00 f6 46 0a 04 0f 85 4b 8d 07 00 80 66 0a 17
0x00007ffbd42b6a28:   b0 01 48 8b 5c 24 58 48 8b 74 24 68 48 83 c4 30
0x00007ffbd42b6a38:   41 5f 5f 5d c3 cc cc cc cc cc cc cc 48 89 5c 24
0x00007ffbd42b6a48:   08 48 89 6c 24 10 48 89 74 24 18 57 48 83 ec 20
0x00007ffbd42b6a58:   48 8d a9 50 01 00 00 48 8b f9 48 8b 75 08 eb 1f
0x00007ffbd42b6a68:   83 7f 7c 00 74 15 8a 46 fa 32 46 f9 32 46 f8 88
0x00007ffbd42b6a78:   46 fb 8b 87 88 00 00 00 31 46 f8 48 8b 76 08 48
0x00007ffbd42b6a88:   3b f5 74 5b 83 7f 7c 00 74 1b 8b 87 88 00 00 00
0x00007ffbd42b6a98:   31 46 f8 8a 46 fa 32 46 f9 32 46 f8 38 46 fb 0f
0x00007ffbd42b6aa8:   85 4f 8d 07 00 b8 00 01 00 00 66 39 46 f8 76 14
0x00007ffbd42b6ab8:   f6 46 fa 08 75 aa 48 8d 56 f0 48 8b cf e8 3a 00
0x00007ffbd42b6ac8:   00 00 eb b7 83 7f 7c 00 74 15 8a 46 fa 32 46 f9
0x00007ffbd42b6ad8:   32 46 f8 88 46 fb 8b 87 88 00 00 00 31 46 f8 48
0x00007ffbd42b6ae8:   8b 5c 24 30 48 8b 6c 24 38 48 8b 74 24 40 48 83
0x00007ffbd42b6af8:   c4 20 5f c3 cc cc cc cc cc cc cc cc 48 89 5c 24
0x00007ffbd42b6b08:   18 48 89 74 24 20 55 57 41 57 48 8b ec 48 83 ec
0x00007ffbd42b6b18:   40 48 8b da 48 8b f1 0f b7 52 08 48 89 55 20 80
0x00007ffbd42b6b28:   63 0a f8 c6 43 0f 00 f6 41 70 40 0f 85 d5 8c 07
0x00007ffbd42b6b38:   00 48 8b 86 68 01 00 00 48 33 05 91 ed 13 00 0f
0x00007ffbd42b6b48:   85 b9 00 00 00 4c 8d 4d 20 48 8b d3 4c 8d 45 28
0x00007ffbd42b6b58:   e8 df 00 00 00 84 c0 0f 84 a1 00 00 00 41 b9 00
0x00007ffbd42b6b68:   40 00 00 4c 8d 45 20 48 8d 55 28 e8 18 01 00 00
0x00007ffbd42b6b78:   8b f8 85 c0 0f 88 10 8e 07 00 e8 f9 46 ff ff bf
0x00007ffbd42b6b88:   80 03 fe 7f 41 bf 26 02 00 00 85 c0 0f 85 c8 8c 


Stack slot to memory mapping:
stack at sp + 0 slots: 0x00000000000e8000 is an unknown value
stack at sp + 1 slots: 0x00000246c7448000 is an unknown value
stack at sp + 2 slots: 0x0000024699580000 points into unknown readable memory: 0x0000000000000000 | 00 00 00 00 00 00 00 00
stack at sp + 3 slots: 0x00000246c7447010 points into unknown readable memory: 0x0000000000000000 | 00 00 00 00 00 00 00 00
stack at sp + 4 slots: 0x0000000000047040 is an unknown value
stack at sp + 5 slots: 0x00007ffbd42b51eb ntdll.dll
stack at sp + 6 slots: 0x0000024699580000 points into unknown readable memory: 0x0000000000000000 | 00 00 00 00 00 00 00 00
stack at sp + 7 slots: 0x000000e7f18fea00 is pointing into the stack for thread: 0x000002469b5894f0


---------------  P R O C E S S  ---------------

Threads class SMR info:
_java_thread_list=0x00000246be688b60, length=13, elements={
0x000002469b5894f0, 0x00000246b9b76340, 0x00000246b9b78cf0, 0x00000246b9b93670,
0x00000246b9b94010, 0x00000246b9b951c0, 0x00000246b9b96580, 0x00000246b9ba2ae0,
0x00000246b9baaff0, 0x00000246b9bab700, 0x00000246be0cc4e0, 0x00000246be0d4bd0,
0x00000246c0ec5a40
}

Java Threads: ( => current thread )
=>0x000002469b5894f0 JavaThread "main" [_thread_in_native, id=29008, stack(0x000000e7f1800000,0x000000e7f1900000)]
  0x00000246b9b76340 JavaThread "Reference Handler" daemon [_thread_blocked, id=19984, stack(0x000000e7f1f00000,0x000000e7f2000000)]
  0x00000246b9b78cf0 JavaThread "Finalizer" daemon [_thread_blocked, id=10940, stack(0x000000e7f2000000,0x000000e7f2100000)]
  0x00000246b9b93670 JavaThread "Signal Dispatcher" daemon [_thread_blocked, id=27740, stack(0x000000e7f2100000,0x000000e7f2200000)]
  0x00000246b9b94010 JavaThread "Attach Listener" daemon [_thread_blocked, id=27624, stack(0x000000e7f2200000,0x000000e7f2300000)]
  0x00000246b9b951c0 JavaThread "Service Thread" daemon [_thread_blocked, id=36144, stack(0x000000e7f2300000,0x000000e7f2400000)]
  0x00000246b9b96580 JavaThread "Monitor Deflation Thread" daemon [_thread_blocked, id=35300, stack(0x000000e7f2400000,0x000000e7f2500000)]
  0x00000246b9ba2ae0 JavaThread "C2 CompilerThread0" daemon [_thread_blocked, id=28532, stack(0x000000e7f2500000,0x000000e7f2600000)]
  0x00000246b9baaff0 JavaThread "C1 CompilerThread0" daemon [_thread_blocked, id=6656, stack(0x000000e7f2600000,0x000000e7f2700000)]
  0x00000246b9bab700 JavaThread "Sweeper thread" daemon [_thread_blocked, id=2572, stack(0x000000e7f2700000,0x000000e7f2800000)]
  0x00000246be0cc4e0 JavaThread "Notification Thread" daemon [_thread_blocked, id=38732, stack(0x000000e7f2800000,0x000000e7f2900000)]
  0x00000246be0d4bd0 JavaThread "Common-Cleaner" daemon [_thread_blocked, id=32156, stack(0x000000e7f2a00000,0x000000e7f2b00000)]
  0x00000246c0ec5a40 JavaThread "LWJGL3 Timer" daemon [_thread_blocked, id=36356, stack(0x000000e7f3400000,0x000000e7f3500000)]

Other Threads:
  0x000002469b619ab0 VMThread "VM Thread" [stack: 0x000000e7f1e00000,0x000000e7f1f00000] [id=31772]
  0x00000246be0d0dd0 WatcherThread "VM Periodic Task Thread" [stack: 0x000000e7f2900000,0x000000e7f2a00000] [id=3520]
  0x000002469b5ea460 WorkerThread "GC Thread#0" [stack: 0x000000e7f1900000,0x000000e7f1a00000] [id=25320]
  0x00000246c0c07300 WorkerThread "GC Thread#1" [stack: 0x000000e7f3700000,0x000000e7f3800000] [id=34480]
  0x00000246c0c082c0 WorkerThread "GC Thread#2" [stack: 0x000000e7f3800000,0x000000e7f3900000] [id=39688]
  0x00000246c0c058c0 WorkerThread "GC Thread#3" [stack: 0x000000e7f3900000,0x000000e7f3a00000] [id=8144]
  0x00000246c0c05b60 WorkerThread "GC Thread#4" [stack: 0x000000e7f3a00000,0x000000e7f3b00000] [id=39328]
  0x00000246c0b927a0 WorkerThread "GC Thread#5" [stack: 0x000000e7f3b00000,0x000000e7f3c00000] [id=32172]
  0x00000246be130980 WorkerThread "GC Thread#6" [stack: 0x000000e7f3c00000,0x000000e7f3d00000] [id=33276]
  0x00000246be132120 WorkerThread "GC Thread#7" [stack: 0x000000e7f3d00000,0x000000e7f3e00000] [id=25184]
  0x00000246be130ec0 WorkerThread "GC Thread#8" [stack: 0x000000e7f3e00000,0x000000e7f3f00000] [id=28944]
  0x000002469b5fb230 ConcurrentGCThread "G1 Main Marker" [stack: 0x000000e7f1a00000,0x000000e7f1b00000] [id=14856]
  0x000002469b5fd270 WorkerThread "G1 Conc#0" [stack: 0x000000e7f1b00000,0x000000e7f1c00000] [id=37584]
  0x00000246b9a27530 ConcurrentGCThread "G1 Refine#0" [stack: 0x000000e7f1c00000,0x000000e7f1d00000] [id=29724]
  0x00000246be9612e0 ConcurrentGCThread "G1 Refine#1" [stack: 0x000000e7f3f00000,0x000000e7f4000000] [id=24088]
  0x00000246b9a27bf0 ConcurrentGCThread "G1 Service" [stack: 0x000000e7f1d00000,0x000000e7f1e00000] [id=26504]

Threads with active compile tasks:

VM state: not at safepoint (normal execution)

VM Mutex/Monitor currently owned by a thread: None

Heap address: 0x0000000081600000, size: 2026 MB, Compressed Oops mode: 32-bit

CDS archive(s) mapped at: [0x0000000800000000-0x0000000800ba0000-0x0000000800ba0000), size 12189696, SharedBaseAddress: 0x0000000800000000, ArchiveRelocationMode: 0.
Compressed class space mapped at: 0x0000000800c00000-0x0000000840c00000, reserved size: 1073741824
Narrow klass base: 0x0000000800000000, Narrow klass shift: 0, Narrow klass range: 0x100000000

GC Precious Log:
 CardTable entry size: 512
 Card Set container configuration: InlinePtr #cards 5 size 8 Array Of Cards #cards 12 size 40 Howl #buckets 4 coarsen threshold 1843 Howl Bitmap #cards 512 size 80 coarsen threshold 460 Card regions per heap region 1 cards per card region 2048
 CPUs: 12 total, 12 available
 Memory: 8099M
 Large Page Support: Disabled
 NUMA Support: Disabled
 Compressed Oops: Enabled (32-bit)
 Heap Region Size: 1M
 Heap Min Capacity: 8M
 Heap Initial Capacity: 128M
 Heap Max Capacity: 2026M
 Pre-touch: Disabled
 Parallel Workers: 10
 Concurrent Workers: 3
 Concurrent Refinement Workers: 10
 Periodic GC: Disabled

Heap:
 garbage-first heap   total 131072K, used 11584K [0x0000000081600000, 0x0000000100000000)
  region size 1024K, 10 young (10240K), 3 survivors (3072K)
 Metaspace       used 7548K, committed 7744K, reserved 1114112K
  class space    used 570K, committed 640K, reserved 1048576K

Heap Regions: E=young(eden), S=young(survivor), O=old, HS=humongous(starts), HC=humongous(continues), CS=collection set, F=free, OA=open archive, CA=closed archive, TAMS=top-at-mark-start (previous, next)
|   0|0x0000000081600000, 0x0000000081700000, 0x0000000081700000|100%|HS|  |TAMS 0x0000000081600000, 0x0000000081600000| Complete 
|   1|0x0000000081700000, 0x0000000081700000, 0x0000000081800000|  0%| F|  |TAMS 0x0000000081700000, 0x0000000081700000| Untracked 
|   2|0x0000000081800000, 0x0000000081900000, 0x0000000081900000|100%| O|  |TAMS 0x0000000081800000, 0x0000000081800000| Untracked 
|   3|0x0000000081900000, 0x0000000081a00000, 0x0000000081a00000|100%| O|  |TAMS 0x0000000081900000, 0x0000000081900000| Untracked 
|   4|0x0000000081a00000, 0x0000000081a50000, 0x0000000081b00000| 31%| O|  |TAMS 0x0000000081a00000, 0x0000000081a00000| Untracked 
|   5|0x0000000081b00000, 0x0000000081b00000, 0x0000000081c00000|  0%| F|  |TAMS 0x0000000081b00000, 0x0000000081b00000| Untracked 
|   6|0x0000000081c00000, 0x0000000081c00000, 0x0000000081d00000|  0%| F|  |TAMS 0x0000000081c00000, 0x0000000081c00000| Untracked 
|   7|0x0000000081d00000, 0x0000000081d00000, 0x0000000081e00000|  0%| F|  |TAMS 0x0000000081d00000, 0x0000000081d00000| Untracked 
|   8|0x0000000081e00000, 0x0000000081e00000, 0x0000000081f00000|  0%| F|  |TAMS 0x0000000081e00000, 0x0000000081e00000| Untracked 
|   9|0x0000000081f00000, 0x0000000081f00000, 0x0000000082000000|  0%| F|  |TAMS 0x0000000081f00000, 0x0000000081f00000| Untracked 
|  10|0x0000000082000000, 0x0000000082000000, 0x0000000082100000|  0%| F|  |TAMS 0x0000000082000000, 0x0000000082000000| Untracked 
|  11|0x0000000082100000, 0x0000000082100000, 0x0000000082200000|  0%| F|  |TAMS 0x0000000082100000, 0x0000000082100000| Untracked 
|  12|0x0000000082200000, 0x0000000082200000, 0x0000000082300000|  0%| F|  |TAMS 0x0000000082200000, 0x0000000082200000| Untracked 
|  13|0x0000000082300000, 0x0000000082300000, 0x0000000082400000|  0%| F|  |TAMS 0x0000000082300000, 0x0000000082300000| Untracked 
|  14|0x0000000082400000, 0x0000000082400000, 0x0000000082500000|  0%| F|  |TAMS 0x0000000082400000, 0x0000000082400000| Untracked 
|  15|0x0000000082500000, 0x0000000082500000, 0x0000000082600000|  0%| F|  |TAMS 0x0000000082500000, 0x0000000082500000| Untracked 
|  16|0x0000000082600000, 0x0000000082600000, 0x0000000082700000|  0%| F|  |TAMS 0x0000000082600000, 0x0000000082600000| Untracked 
|  17|0x0000000082700000, 0x0000000082700000, 0x0000000082800000|  0%| F|  |TAMS 0x0000000082700000, 0x0000000082700000| Untracked 
|  18|0x0000000082800000, 0x0000000082800000, 0x0000000082900000|  0%| F|  |TAMS 0x0000000082800000, 0x0000000082800000| Untracked 
|  19|0x0000000082900000, 0x0000000082900000, 0x0000000082a00000|  0%| F|  |TAMS 0x0000000082900000, 0x0000000082900000| Untracked 
|  20|0x0000000082a00000, 0x0000000082a00000, 0x0000000082b00000|  0%| F|  |TAMS 0x0000000082a00000, 0x0000000082a00000| Untracked 
|  21|0x0000000082b00000, 0x0000000082b00000, 0x0000000082c00000|  0%| F|  |TAMS 0x0000000082b00000, 0x0000000082b00000| Untracked 
|  22|0x0000000082c00000, 0x0000000082c00000, 0x0000000082d00000|  0%| F|  |TAMS 0x0000000082c00000, 0x0000000082c00000| Untracked 
|  23|0x0000000082d00000, 0x0000000082d00000, 0x0000000082e00000|  0%| F|  |TAMS 0x0000000082d00000, 0x0000000082d00000| Untracked 
|  24|0x0000000082e00000, 0x0000000082e00000, 0x0000000082f00000|  0%| F|  |TAMS 0x0000000082e00000, 0x0000000082e00000| Untracked 
|  25|0x0000000082f00000, 0x0000000082f00000, 0x0000000083000000|  0%| F|  |TAMS 0x0000000082f00000, 0x0000000082f00000| Untracked 
|  26|0x0000000083000000, 0x0000000083000000, 0x0000000083100000|  0%| F|  |TAMS 0x0000000083000000, 0x0000000083000000| Untracked 
|  27|0x0000000083100000, 0x0000000083100000, 0x0000000083200000|  0%| F|  |TAMS 0x0000000083100000, 0x0000000083100000| Untracked 
|  28|0x0000000083200000, 0x0000000083200000, 0x0000000083300000|  0%| F|  |TAMS 0x0000000083200000, 0x0000000083200000| Untracked 
|  29|0x0000000083300000, 0x0000000083300000, 0x0000000083400000|  0%| F|  |TAMS 0x0000000083300000, 0x0000000083300000| Untracked 
|  30|0x0000000083400000, 0x0000000083400000, 0x0000000083500000|  0%| F|  |TAMS 0x0000000083400000, 0x0000000083400000| Untracked 
|  31|0x0000000083500000, 0x0000000083500000, 0x0000000083600000|  0%| F|  |TAMS 0x0000000083500000, 0x0000000083500000| Untracked 
|  32|0x0000000083600000, 0x0000000083600000, 0x0000000083700000|  0%| F|  |TAMS 0x0000000083600000, 0x0000000083600000| Untracked 
|  33|0x0000000083700000, 0x0000000083700000, 0x0000000083800000|  0%| F|  |TAMS 0x0000000083700000, 0x0000000083700000| Untracked 
|  34|0x0000000083800000, 0x0000000083800000, 0x0000000083900000|  0%| F|  |TAMS 0x0000000083800000, 0x0000000083800000| Untracked 
|  35|0x0000000083900000, 0x0000000083900000, 0x0000000083a00000|  0%| F|  |TAMS 0x0000000083900000, 0x0000000083900000| Untracked 
|  36|0x0000000083a00000, 0x0000000083a00000, 0x0000000083b00000|  0%| F|  |TAMS 0x0000000083a00000, 0x0000000083a00000| Untracked 
|  37|0x0000000083b00000, 0x0000000083b00000, 0x0000000083c00000|  0%| F|  |TAMS 0x0000000083b00000, 0x0000000083b00000| Untracked 
|  38|0x0000000083c00000, 0x0000000083c00000, 0x0000000083d00000|  0%| F|  |TAMS 0x0000000083c00000, 0x0000000083c00000| Untracked 
|  39|0x0000000083d00000, 0x0000000083d00000, 0x0000000083e00000|  0%| F|  |TAMS 0x0000000083d00000, 0x0000000083d00000| Untracked 
|  40|0x0000000083e00000, 0x0000000083e00000, 0x0000000083f00000|  0%| F|  |TAMS 0x0000000083e00000, 0x0000000083e00000| Untracked 
|  41|0x0000000083f00000, 0x0000000083f00000, 0x0000000084000000|  0%| F|  |TAMS 0x0000000083f00000, 0x0000000083f00000| Untracked 
|  42|0x0000000084000000, 0x0000000084000000, 0x0000000084100000|  0%| F|  |TAMS 0x0000000084000000, 0x0000000084000000| Untracked 
|  43|0x0000000084100000, 0x0000000084100000, 0x0000000084200000|  0%| F|  |TAMS 0x0000000084100000, 0x0000000084100000| Untracked 
|  44|0x0000000084200000, 0x0000000084200000, 0x0000000084300000|  0%| F|  |TAMS 0x0000000084200000, 0x0000000084200000| Untracked 
|  45|0x0000000084300000, 0x0000000084300000, 0x0000000084400000|  0%| F|  |TAMS 0x0000000084300000, 0x0000000084300000| Untracked 
|  46|0x0000000084400000, 0x0000000084400000, 0x0000000084500000|  0%| F|  |TAMS 0x0000000084400000, 0x0000000084400000| Untracked 
|  47|0x0000000084500000, 0x0000000084500000, 0x0000000084600000|  0%| F|  |TAMS 0x0000000084500000, 0x0000000084500000| Untracked 
|  48|0x0000000084600000, 0x0000000084600000, 0x0000000084700000|  0%| F|  |TAMS 0x0000000084600000, 0x0000000084600000| Untracked 
|  49|0x0000000084700000, 0x0000000084700000, 0x0000000084800000|  0%| F|  |TAMS 0x0000000084700000, 0x0000000084700000| Untracked 
|  50|0x0000000084800000, 0x0000000084800000, 0x0000000084900000|  0%| F|  |TAMS 0x0000000084800000, 0x0000000084800000| Untracked 
|  51|0x0000000084900000, 0x0000000084900000, 0x0000000084a00000|  0%| F|  |TAMS 0x0000000084900000, 0x0000000084900000| Untracked 
|  52|0x0000000084a00000, 0x0000000084a00000, 0x0000000084b00000|  0%| F|  |TAMS 0x0000000084a00000, 0x0000000084a00000| Untracked 
|  53|0x0000000084b00000, 0x0000000084b00000, 0x0000000084c00000|  0%| F|  |TAMS 0x0000000084b00000, 0x0000000084b00000| Untracked 
|  54|0x0000000084c00000, 0x0000000084c00000, 0x0000000084d00000|  0%| F|  |TAMS 0x0000000084c00000, 0x0000000084c00000| Untracked 
|  55|0x0000000084d00000, 0x0000000084d00000, 0x0000000084e00000|  0%| F|  |TAMS 0x0000000084d00000, 0x0000000084d00000| Untracked 
|  56|0x0000000084e00000, 0x0000000084e00000, 0x0000000084f00000|  0%| F|  |TAMS 0x0000000084e00000, 0x0000000084e00000| Untracked 
|  57|0x0000000084f00000, 0x0000000084f00000, 0x0000000085000000|  0%| F|  |TAMS 0x0000000084f00000, 0x0000000084f00000| Untracked 
|  58|0x0000000085000000, 0x0000000085000000, 0x0000000085100000|  0%| F|  |TAMS 0x0000000085000000, 0x0000000085000000| Untracked 
|  59|0x0000000085100000, 0x0000000085100000, 0x0000000085200000|  0%| F|  |TAMS 0x0000000085100000, 0x0000000085100000| Untracked 
|  60|0x0000000085200000, 0x0000000085200000, 0x0000000085300000|  0%| F|  |TAMS 0x0000000085200000, 0x0000000085200000| Untracked 
|  61|0x0000000085300000, 0x0000000085300000, 0x0000000085400000|  0%| F|  |TAMS 0x0000000085300000, 0x0000000085300000| Untracked 
|  62|0x0000000085400000, 0x0000000085400000, 0x0000000085500000|  0%| F|  |TAMS 0x0000000085400000, 0x0000000085400000| Untracked 
|  63|0x0000000085500000, 0x0000000085500000, 0x0000000085600000|  0%| F|  |TAMS 0x0000000085500000, 0x0000000085500000| Untracked 
|  64|0x0000000085600000, 0x0000000085600000, 0x0000000085700000|  0%| F|  |TAMS 0x0000000085600000, 0x0000000085600000| Untracked 
|  65|0x0000000085700000, 0x0000000085700000, 0x0000000085800000|  0%| F|  |TAMS 0x0000000085700000, 0x0000000085700000| Untracked 
|  66|0x0000000085800000, 0x0000000085800000, 0x0000000085900000|  0%| F|  |TAMS 0x0000000085800000, 0x0000000085800000| Untracked 
|  67|0x0000000085900000, 0x0000000085900000, 0x0000000085a00000|  0%| F|  |TAMS 0x0000000085900000, 0x0000000085900000| Untracked 
|  68|0x0000000085a00000, 0x0000000085a00000, 0x0000000085b00000|  0%| F|  |TAMS 0x0000000085a00000, 0x0000000085a00000| Untracked 
|  69|0x0000000085b00000, 0x0000000085b00000, 0x0000000085c00000|  0%| F|  |TAMS 0x0000000085b00000, 0x0000000085b00000| Untracked 
|  70|0x0000000085c00000, 0x0000000085c00000, 0x0000000085d00000|  0%| F|  |TAMS 0x0000000085c00000, 0x0000000085c00000| Untracked 
|  71|0x0000000085d00000, 0x0000000085d00000, 0x0000000085e00000|  0%| F|  |TAMS 0x0000000085d00000, 0x0000000085d00000| Untracked 
|  72|0x0000000085e00000, 0x0000000085e00000, 0x0000000085f00000|  0%| F|  |TAMS 0x0000000085e00000, 0x0000000085e00000| Untracked 
|  73|0x0000000085f00000, 0x0000000085f00000, 0x0000000086000000|  0%| F|  |TAMS 0x0000000085f00000, 0x0000000085f00000| Untracked 
|  74|0x0000000086000000, 0x0000000086000000, 0x0000000086100000|  0%| F|  |TAMS 0x0000000086000000, 0x0000000086000000| Untracked 
|  75|0x0000000086100000, 0x0000000086100000, 0x0000000086200000|  0%| F|  |TAMS 0x0000000086100000, 0x0000000086100000| Untracked 
|  76|0x0000000086200000, 0x0000000086200000, 0x0000000086300000|  0%| F|  |TAMS 0x0000000086200000, 0x0000000086200000| Untracked 
|  77|0x0000000086300000, 0x0000000086300000, 0x0000000086400000|  0%| F|  |TAMS 0x0000000086300000, 0x0000000086300000| Untracked 
|  78|0x0000000086400000, 0x0000000086400000, 0x0000000086500000|  0%| F|  |TAMS 0x0000000086400000, 0x0000000086400000| Untracked 
|  79|0x0000000086500000, 0x0000000086500000, 0x0000000086600000|  0%| F|  |TAMS 0x0000000086500000, 0x0000000086500000| Untracked 
|  80|0x0000000086600000, 0x0000000086600000, 0x0000000086700000|  0%| F|  |TAMS 0x0000000086600000, 0x0000000086600000| Untracked 
|  81|0x0000000086700000, 0x0000000086700000, 0x0000000086800000|  0%| F|  |TAMS 0x0000000086700000, 0x0000000086700000| Untracked 
|  82|0x0000000086800000, 0x0000000086800000, 0x0000000086900000|  0%| F|  |TAMS 0x0000000086800000, 0x0000000086800000| Untracked 
|  83|0x0000000086900000, 0x0000000086900000, 0x0000000086a00000|  0%| F|  |TAMS 0x0000000086900000, 0x0000000086900000| Untracked 
|  84|0x0000000086a00000, 0x0000000086a00000, 0x0000000086b00000|  0%| F|  |TAMS 0x0000000086a00000, 0x0000000086a00000| Untracked 
|  85|0x0000000086b00000, 0x0000000086b00000, 0x0000000086c00000|  0%| F|  |TAMS 0x0000000086b00000, 0x0000000086b00000| Untracked 
|  86|0x0000000086c00000, 0x0000000086c00000, 0x0000000086d00000|  0%| F|  |TAMS 0x0000000086c00000, 0x0000000086c00000| Untracked 
|  87|0x0000000086d00000, 0x0000000086d00000, 0x0000000086e00000|  0%| F|  |TAMS 0x0000000086d00000, 0x0000000086d00000| Untracked 
|  88|0x0000000086e00000, 0x0000000086e00000, 0x0000000086f00000|  0%| F|  |TAMS 0x0000000086e00000, 0x0000000086e00000| Untracked 
|  89|0x0000000086f00000, 0x0000000086f00000, 0x0000000087000000|  0%| F|  |TAMS 0x0000000086f00000, 0x0000000086f00000| Untracked 
|  90|0x0000000087000000, 0x0000000087000000, 0x0000000087100000|  0%| F|  |TAMS 0x0000000087000000, 0x0000000087000000| Untracked 
|  91|0x0000000087100000, 0x0000000087100000, 0x0000000087200000|  0%| F|  |TAMS 0x0000000087100000, 0x0000000087100000| Untracked 
|  92|0x0000000087200000, 0x0000000087200000, 0x0000000087300000|  0%| F|  |TAMS 0x0000000087200000, 0x0000000087200000| Untracked 
|  93|0x0000000087300000, 0x0000000087300000, 0x0000000087400000|  0%| F|  |TAMS 0x0000000087300000, 0x0000000087300000| Untracked 
|  94|0x0000000087400000, 0x0000000087400000, 0x0000000087500000|  0%| F|  |TAMS 0x0000000087400000, 0x0000000087400000| Untracked 
|  95|0x0000000087500000, 0x0000000087500000, 0x0000000087600000|  0%| F|  |TAMS 0x0000000087500000, 0x0000000087500000| Untracked 
|  96|0x0000000087600000, 0x0000000087600000, 0x0000000087700000|  0%| F|  |TAMS 0x0000000087600000, 0x0000000087600000| Untracked 
|  97|0x0000000087700000, 0x0000000087700000, 0x0000000087800000|  0%| F|  |TAMS 0x0000000087700000, 0x0000000087700000| Untracked 
|  98|0x0000000087800000, 0x0000000087800000, 0x0000000087900000|  0%| F|  |TAMS 0x0000000087800000, 0x0000000087800000| Untracked 
|  99|0x0000000087900000, 0x0000000087900000, 0x0000000087a00000|  0%| F|  |TAMS 0x0000000087900000, 0x0000000087900000| Untracked 
| 100|0x0000000087a00000, 0x0000000087a00000, 0x0000000087b00000|  0%| F|  |TAMS 0x0000000087a00000, 0x0000000087a00000| Untracked 
| 101|0x0000000087b00000, 0x0000000087b00000, 0x0000000087c00000|  0%| F|  |TAMS 0x0000000087b00000, 0x0000000087b00000| Untracked 
| 102|0x0000000087c00000, 0x0000000087d00000, 0x0000000087d00000|100%| S|CS|TAMS 0x0000000087c00000, 0x0000000087c00000| Complete 
| 103|0x0000000087d00000, 0x0000000087e00000, 0x0000000087e00000|100%| S|CS|TAMS 0x0000000087d00000, 0x0000000087d00000| Complete 
| 104|0x0000000087e00000, 0x0000000087f00000, 0x0000000087f00000|100%| S|CS|TAMS 0x0000000087e00000, 0x0000000087e00000| Complete 
| 105|0x0000000087f00000, 0x0000000087f00000, 0x0000000088000000|  0%| F|  |TAMS 0x0000000087f00000, 0x0000000087f00000| Untracked 
| 106|0x0000000088000000, 0x0000000088000000, 0x0000000088100000|  0%| F|  |TAMS 0x0000000088000000, 0x0000000088000000| Untracked 
| 107|0x0000000088100000, 0x0000000088100000, 0x0000000088200000|  0%| F|  |TAMS 0x0000000088100000, 0x0000000088100000| Untracked 
| 108|0x0000000088200000, 0x0000000088200000, 0x0000000088300000|  0%| F|  |TAMS 0x0000000088200000, 0x0000000088200000| Untracked 
| 109|0x0000000088300000, 0x0000000088300000, 0x0000000088400000|  0%| F|  |TAMS 0x0000000088300000, 0x0000000088300000| Untracked 
| 110|0x0000000088400000, 0x0000000088400000, 0x0000000088500000|  0%| F|  |TAMS 0x0000000088400000, 0x0000000088400000| Untracked 
| 111|0x0000000088500000, 0x0000000088500000, 0x0000000088600000|  0%| F|  |TAMS 0x0000000088500000, 0x0000000088500000| Untracked 
| 112|0x0000000088600000, 0x0000000088600000, 0x0000000088700000|  0%| F|  |TAMS 0x0000000088600000, 0x0000000088600000| Untracked 
| 113|0x0000000088700000, 0x0000000088700000, 0x0000000088800000|  0%| F|  |TAMS 0x0000000088700000, 0x0000000088700000| Untracked 
| 114|0x0000000088800000, 0x0000000088800000, 0x0000000088900000|  0%| F|  |TAMS 0x0000000088800000, 0x0000000088800000| Untracked 
| 115|0x0000000088900000, 0x0000000088900000, 0x0000000088a00000|  0%| F|  |TAMS 0x0000000088900000, 0x0000000088900000| Untracked 
| 116|0x0000000088a00000, 0x0000000088a00000, 0x0000000088b00000|  0%| F|  |TAMS 0x0000000088a00000, 0x0000000088a00000| Untracked 
| 117|0x0000000088b00000, 0x0000000088b00000, 0x0000000088c00000|  0%| F|  |TAMS 0x0000000088b00000, 0x0000000088b00000| Untracked 
| 118|0x0000000088c00000, 0x0000000088c00000, 0x0000000088d00000|  0%| F|  |TAMS 0x0000000088c00000, 0x0000000088c00000| Untracked 
| 119|0x0000000088d00000, 0x0000000088d00000, 0x0000000088e00000|  0%| F|  |TAMS 0x0000000088d00000, 0x0000000088d00000| Untracked 
| 120|0x0000000088e00000, 0x0000000088e00000, 0x0000000088f00000|  0%| F|  |TAMS 0x0000000088e00000, 0x0000000088e00000| Untracked 
| 121|0x0000000088f00000, 0x0000000089000000, 0x0000000089000000|100%| E|  |TAMS 0x0000000088f00000, 0x0000000088f00000| Complete 
| 122|0x0000000089000000, 0x0000000089100000, 0x0000000089100000|100%| E|CS|TAMS 0x0000000089000000, 0x0000000089000000| Complete 
| 123|0x0000000089100000, 0x0000000089200000, 0x0000000089200000|100%| E|CS|TAMS 0x0000000089100000, 0x0000000089100000| Complete 
| 124|0x0000000089200000, 0x0000000089300000, 0x0000000089300000|100%| E|  |TAMS 0x0000000089200000, 0x0000000089200000| Complete 
| 125|0x0000000089300000, 0x0000000089400000, 0x0000000089400000|100%| E|CS|TAMS 0x0000000089300000, 0x0000000089300000| Complete 
| 126|0x0000000089400000, 0x0000000089500000, 0x0000000089500000|100%| E|CS|TAMS 0x0000000089400000, 0x0000000089400000| Complete 
| 127|0x0000000089500000, 0x0000000089600000, 0x0000000089600000|100%| E|CS|TAMS 0x0000000089500000, 0x0000000089500000| Complete 

Card table byte_map: [0x00000246b2800000,0x00000246b2c00000] _byte_map_base: 0x00000246b23f5000

Marking Bits (Prev, Next): (CMBitMap*) 0x000002469b5eaa60, (CMBitMap*) 0x000002469b5eaaa0
 Prev Bits: [0x00000246b3000000, 0x00000246b4fa8000)
 Next Bits: [0x00000246b4fb0000, 0x00000246b6f58000)

Polling page: 0x000002469ad40000

Metaspace:

Usage:
  Non-class:      6.81 MB used.
      Class:    570.34 KB used.
       Both:      7.37 MB used.

Virtual space:
  Non-class space:       64.00 MB reserved,       6.94 MB ( 11%) committed,  1 nodes.
      Class space:        1.00 GB reserved,     640.00 KB ( <1%) committed,  1 nodes.
             Both:        1.06 GB reserved,       7.56 MB ( <1%) committed. 

Chunk freelists:
   Non-Class:  2.98 MB
       Class:  3.31 MB
        Both:  6.30 MB

MaxMetaspaceSize: unlimited
CompressedClassSpaceSize: 1.00 GB
Initial GC threshold: 21.00 MB
Current GC threshold: 21.00 MB
CDS: on
MetaspaceReclaimPolicy: balanced
 - commit_granule_bytes: 65536.
 - commit_granule_words: 8192.
 - virtual_space_node_default_size: 8388608.
 - enlarge_chunks_in_place: 1.
 - new_chunks_are_fully_committed: 0.
 - uncommit_free_chunks: 1.
 - use_allocation_guard: 0.


Internal statistics:

num_allocs_failed_limit: 0.
num_arena_births: 94.
num_arena_deaths: 0.
num_vsnodes_births: 2.
num_vsnodes_deaths: 0.
num_space_committed: 119.
num_space_uncommitted: 0.
num_chunks_returned_to_freelist: 0.
num_chunks_taken_from_freelist: 318.
num_chunk_merges: 0.
num_chunk_splits: 225.
num_chunks_enlarged: 179.
num_inconsistent_stats: 0.

CodeHeap 'non-profiled nmethods': size=120000Kb used=898Kb max_used=898Kb free=119101Kb
 bounds [0x00000246aa980000, 0x00000246aabf0000, 0x00000246b1eb0000]
CodeHeap 'profiled nmethods': size=120000Kb used=3005Kb max_used=3005Kb free=116994Kb
 bounds [0x00000246a3450000, 0x00000246a3740000, 0x00000246aa980000]
CodeHeap 'non-nmethods': size=5760Kb used=1620Kb max_used=1655Kb free=4139Kb
 bounds [0x00000246a2eb0000, 0x00000246a3120000, 0x00000246a3450000]
 total_blobs=2681 nmethods=1640 adapters=954
 compilation: enabled
              stopped_count=0, restarted_count=0
 full_count=0

Compilation events (20 events):
Event: 30.916 Thread 0x00000246b9ba2ae0 1632       4       com.badlogic.gdx.scenes.scene2d.Group::draw (35 bytes)
Event: 30.949 Thread 0x00000246b9ba2ae0 nmethod 1632 0x00000246aaa4e710 code [0x00000246aaa4eac0, 0x00000246aaa50da8]
Event: 31.382 Thread 0x00000246b9ba2ae0 1633       4       com.badlogic.gdx.scenes.scene2d.Group::drawChildren (551 bytes)
Event: 31.462 Thread 0x00000246b9ba2ae0 nmethod 1633 0x00000246aaa53490 code [0x00000246aaa538c0, 0x00000246aaa57da8]
Event: 31.749 Thread 0x00000246b9ba2ae0 1634   !   4       org.lwjgl.system.MemoryUtil::wrap (78 bytes)
Event: 31.750 Thread 0x00000246b9ba2ae0 nmethod 1634 0x00000246aaa5a890 code [0x00000246aaa5aa20, 0x00000246aaa5ac38]
Event: 32.232 Thread 0x00000246b9ba2ae0 1635       4       com.badlogic.gdx.scenes.scene2d.Group::act (54 bytes)
Event: 32.241 Thread 0x00000246b9ba2ae0 nmethod 1635 0x00000246aaa5ae10 code [0x00000246aaa5afc0, 0x00000246aaa5b9c8]
Event: 32.766 Thread 0x00000246b9ba2ae0 1636       4       com.badlogic.gdx.math.Vector3::nor (32 bytes)
Event: 32.767 Thread 0x00000246b9ba2ae0 nmethod 1636 0x00000246aaa5bd90 code [0x00000246aaa5bf40, 0x00000246aaa5c038]
Event: 32.832 Thread 0x00000246b9ba2ae0 1637       4       java.nio.FloatBuffer::put (69 bytes)
Event: 32.835 Thread 0x00000246b9ba2ae0 nmethod 1637 0x00000246aaa5c110 code [0x00000246aaa5c2a0, 0x00000246aaa5c5f8]
Event: 32.866 Thread 0x00000246b9ba2ae0 1638       4       com.badlogic.gdx.graphics.g2d.SpriteBatch::setupMatrices (76 bytes)
Event: 32.876 Thread 0x00000246b9ba2ae0 nmethod 1638 0x00000246aaa5cb10 code [0x00000246aaa5cd20, 0x00000246aaa5d828]
Event: 33.099 Thread 0x00000246b9ba2ae0 1639       4       com.badlogic.gdx.graphics.glutils.VertexArray::bind (347 bytes)
Event: 33.112 Thread 0x00000246b9ba2ae0 nmethod 1639 0x00000246aaa5e490 code [0x00000246aaa5e6a0, 0x00000246aaa5f588]
Event: 33.751 Thread 0x00000246b9ba2ae0 1640       4       com.badlogic.gdx.math.Matrix4::set (142 bytes)
Event: 33.753 Thread 0x00000246b9ba2ae0 nmethod 1640 0x00000246aaa60390 code [0x00000246aaa60500, 0x00000246aaa60638]
Event: 34.600 Thread 0x00000246b9ba2ae0 1641       4       java.nio.Buffer::remaining (20 bytes)
Event: 34.600 Thread 0x00000246b9ba2ae0 nmethod 1641 0x00000246aaa60710 code [0x00000246aaa60880, 0x00000246aaa60918]

GC Heap History (2 events):
Event: 13.353 GC heap before
{Heap before GC invocations=0 (full 0):
 garbage-first heap   total 131072K, used 24576K [0x0000000081600000, 0x0000000100000000)
  region size 1024K, 23 young (23552K), 0 survivors (0K)
 Metaspace       used 6856K, committed 7040K, reserved 1114112K
  class space    used 518K, committed 576K, reserved 1048576K
}
Event: 13.365 GC heap after
{Heap after GC invocations=1 (full 0):
 garbage-first heap   total 131072K, used 5440K [0x0000000081600000, 0x0000000100000000)
  region size 1024K, 3 young (3072K), 3 survivors (3072K)
 Metaspace       used 6856K, committed 7040K, reserved 1114112K
  class space    used 518K, committed 576K, reserved 1048576K
}

Deoptimization events (20 events):
Event: 23.824 Thread 0x000002469b5894f0 Uncommon trap: trap_request=0xffffffde fr.pc=0x00000246aa9ecb60 relative=0x0000000000000280
Event: 23.824 Thread 0x000002469b5894f0 Uncommon trap: reason=class_check action=maybe_recompile pc=0x00000246aa9ecb60 method=com.badlogic.gdx.graphics.g2d.TextureRegion.setRegion(IIII)V @ 50 c2
Event: 23.824 Thread 0x000002469b5894f0 DEOPT PACKING pc=0x00000246aa9ecb60 sp=0x000000e7f18fe8d0
Event: 23.824 Thread 0x000002469b5894f0 DEOPT UNPACKING pc=0x00000246a2f023a3 sp=0x000000e7f18fe870 mode 2
Event: 23.824 Thread 0x000002469b5894f0 Uncommon trap: trap_request=0xffffff45 fr.pc=0x00000246aa9eba7c relative=0x00000000000001dc
Event: 23.824 Thread 0x000002469b5894f0 Uncommon trap: reason=unstable_if action=reinterpret pc=0x00000246aa9eba7c method=com.badlogic.gdx.graphics.g2d.TextureRegion.setRegion(FFFF)V @ 58 c2
Event: 23.824 Thread 0x000002469b5894f0 DEOPT PACKING pc=0x00000246aa9eba7c sp=0x000000e7f18fe850
Event: 23.824 Thread 0x000002469b5894f0 DEOPT UNPACKING pc=0x00000246a2f023a3 sp=0x000000e7f18fe7e8 mode 2
Event: 23.830 Thread 0x000002469b5894f0 Uncommon trap: trap_request=0xffffff45 fr.pc=0x00000246aa9eecd4 relative=0x0000000000000554
Event: 23.830 Thread 0x000002469b5894f0 Uncommon trap: reason=unstable_if action=reinterpret pc=0x00000246aa9eecd4 method=com.badlogic.gdx.graphics.g2d.TextureRegion.setRegion(FFFF)V @ 58 c2
Event: 23.830 Thread 0x000002469b5894f0 DEOPT PACKING pc=0x00000246aa9eecd4 sp=0x000000e7f18fe2d0
Event: 23.830 Thread 0x000002469b5894f0 DEOPT UNPACKING pc=0x00000246a2f023a3 sp=0x000000e7f18fe100 mode 2
Event: 23.830 Thread 0x000002469b5894f0 Uncommon trap: trap_request=0xffffff45 fr.pc=0x00000246aa9edf54 relative=0x0000000000000554
Event: 23.830 Thread 0x000002469b5894f0 Uncommon trap: reason=unstable_if action=reinterpret pc=0x00000246aa9edf54 method=com.badlogic.gdx.graphics.g2d.TextureRegion.setRegion(FFFF)V @ 58 c2
Event: 23.830 Thread 0x000002469b5894f0 DEOPT PACKING pc=0x00000246aa9edf54 sp=0x000000e7f18fe240
Event: 23.831 Thread 0x000002469b5894f0 DEOPT UNPACKING pc=0x00000246a2f023a3 sp=0x000000e7f18fe0f8 mode 2
Event: 23.833 Thread 0x000002469b5894f0 Uncommon trap: trap_request=0xffffff45 fr.pc=0x00000246aa9e2174 relative=0x0000000000000074
Event: 23.833 Thread 0x000002469b5894f0 Uncommon trap: reason=unstable_if action=reinterpret pc=0x00000246aa9e2174 method=com.badlogic.gdx.scenes.scene2d.ui.WidgetGroup.validate()V @ 105 c2
Event: 23.833 Thread 0x000002469b5894f0 DEOPT PACKING pc=0x00000246aa9e2174 sp=0x000000e7f18feba0
Event: 23.833 Thread 0x000002469b5894f0 DEOPT UNPACKING pc=0x00000246a2f023a3 sp=0x000000e7f18feb18 mode 2

Classes loaded (20 events):
Event: 13.431 Loading class java/io/ObjectStreamClass$Caches$2
Event: 13.431 Loading class java/io/ObjectStreamClass$Caches$2 done
Event: 13.431 Loading class java/lang/reflect/Proxy
Event: 13.432 Loading class java/lang/reflect/Proxy done
Event: 13.432 Loading class java/lang/reflect/InvocationHandler
Event: 13.432 Loading class java/lang/reflect/InvocationHandler done
Event: 13.432 Loading class java/lang/reflect/Proxy$1
Event: 13.432 Loading class java/lang/reflect/Proxy$1 done
Event: 13.432 Loading class java/io/Externalizable
Event: 13.432 Loading class java/io/Externalizable done
Event: 13.432 Loading class java/io/ObjectStreamClass$2
Event: 13.432 Loading class java/io/ObjectStreamClass$2 done
Event: 13.432 Loading class java/io/ClassCache$CacheRef
Event: 13.432 Loading class java/io/ClassCache$CacheRef done
Event: 13.432 Loading class java/io/ObjectStreamClass$FieldReflectorKey
Event: 13.433 Loading class java/io/ObjectStreamClass$FieldReflectorKey done
Event: 13.433 Loading class java/io/ObjectStreamClass$FieldReflector
Event: 13.433 Loading class java/io/ObjectStreamClass$FieldReflector done
Event: 13.433 Loading class java/io/ObjectStreamClass$ExceptionInfo
Event: 13.433 Loading class java/io/ObjectStreamClass$ExceptionInfo done

Classes unloaded (0 events):
No events

Classes redefined (0 events):
No events

Internal exceptions (20 events):
Event: 0.247 Thread 0x000002469b5894f0 Exception <a 'java/lang/NoSuchMethodError'{0x00000000890bff28}: 'int java.lang.invoke.DirectMethodHandle$Holder.invokeStaticInit(java.lang.Object, java.lang.Object, long, long)'> (0x00000000890bff28) 
thrown [s\open\src\hotspot\share\interpreter\linkResolver.cpp, line 759]
Event: 0.248 Thread 0x000002469b5894f0 Exception <a 'java/lang/NoSuchMethodError'{0x00000000890c6038}: 'java.lang.Object java.lang.invoke.DirectMethodHandle$Holder.newInvokeSpecial(java.lang.Object, java.lang.Object, long)'> (0x00000000890c6038) 
thrown [s\open\src\hotspot\share\interpreter\linkResolver.cpp, line 759]
Event: 0.248 Thread 0x000002469b5894f0 Exception <a 'java/lang/NoSuchMethodError'{0x00000000890ca090}: 'java.lang.Object java.lang.invoke.Invokers$Holder.linkToTargetMethod(java.lang.Object, long, java.lang.Object)'> (0x00000000890ca090) 
thrown [s\open\src\hotspot\share\interpreter\linkResolver.cpp, line 759]
Event: 0.249 Thread 0x000002469b5894f0 Exception <a 'java/lang/NoSuchMethodError'{0x00000000890d1638}: 'int java.lang.invoke.DirectMethodHandle$Holder.invokeStaticInit(java.lang.Object, java.lang.Object, java.lang.Object, long)'> (0x00000000890d1638) 
thrown [s\open\src\hotspot\share\interpreter\linkResolver.cpp, line 759]
Event: 0.270 Thread 0x000002469b5894f0 Exception <a 'sun/nio/fs/WindowsException'{0x0000000088f5e260}> (0x0000000088f5e260) 
thrown [s\open\src\hotspot\share\prims\jni.cpp, line 516]
Event: 0.271 Thread 0x000002469b5894f0 Exception <a 'sun/nio/fs/WindowsException'{0x0000000088f5e620}> (0x0000000088f5e620) 
thrown [s\open\src\hotspot\share\prims\jni.cpp, line 516]
Event: 0.289 Thread 0x000002469b5894f0 Exception <a 'sun/nio/fs/WindowsException'{0x0000000088e08158}> (0x0000000088e08158) 
thrown [s\open\src\hotspot\share\prims\jni.cpp, line 516]
Event: 0.289 Thread 0x000002469b5894f0 Exception <a 'sun/nio/fs/WindowsException'{0x0000000088e084e8}> (0x0000000088e084e8) 
thrown [s\open\src\hotspot\share\prims\jni.cpp, line 516]
Event: 0.292 Thread 0x000002469b5894f0 Exception <a 'java/lang/NoSuchMethodError'{0x0000000088e0d788}: 'int java.lang.invoke.Invokers$Holder.invokeExact_MT(java.lang.Object, java.lang.Object)'> (0x0000000088e0d788) 
thrown [s\open\src\hotspot\share\interpreter\linkResolver.cpp, line 759]
Event: 0.334 Thread 0x000002469b5894f0 Exception <a 'sun/nio/fs/WindowsException'{0x0000000088e9bfe8}> (0x0000000088e9bfe8) 
thrown [s\open\src\hotspot\share\prims\jni.cpp, line 516]
Event: 0.334 Thread 0x000002469b5894f0 Exception <a 'sun/nio/fs/WindowsException'{0x0000000088e9c390}> (0x0000000088e9c390) 
thrown [s\open\src\hotspot\share\prims\jni.cpp, line 516]
Event: 0.424 Thread 0x000002469b5894f0 Exception <a 'java/lang/NoSuchMethodError'{0x0000000088ed9670}: 'java.lang.Object java.lang.invoke.DirectMethodHandle$Holder.newInvokeSpecial(java.lang.Object, long)'> (0x0000000088ed9670) 
thrown [s\open\src\hotspot\share\interpreter\linkResolver.cpp, line 759]
Event: 0.642 Thread 0x000002469b5894f0 Exception <a 'java/lang/NoSuchMethodError'{0x0000000088dd14d0}: 'void java.lang.System.load(java.lang.String, java.lang.Class)'> (0x0000000088dd14d0) 
thrown [s\open\src\hotspot\share\interpreter\linkResolver.cpp, line 759]
Event: 0.643 Thread 0x000002469b5894f0 Exception <a 'java/lang/NoSuchMethodError'{0x0000000088dd4360}: 'void java.lang.System.loadLibrary(java.lang.String, java.lang.Class)'> (0x0000000088dd4360) 
thrown [s\open\src\hotspot\share\interpreter\linkResolver.cpp, line 759]
Event: 0.647 Thread 0x000002469b5894f0 Exception <a 'sun/nio/fs/WindowsException'{0x0000000088de60a0}> (0x0000000088de60a0) 
thrown [s\open\src\hotspot\share\prims\jni.cpp, line 516]
Event: 0.648 Thread 0x000002469b5894f0 Exception <a 'sun/nio/fs/WindowsException'{0x0000000088de6460}> (0x0000000088de6460) 
thrown [s\open\src\hotspot\share\prims\jni.cpp, line 516]
Event: 0.651 Thread 0x000002469b5894f0 Exception <a 'sun/nio/fs/WindowsException'{0x0000000088df2168}> (0x0000000088df2168) 
thrown [s\open\src\hotspot\share\prims\jni.cpp, line 516]
Event: 0.651 Thread 0x000002469b5894f0 Exception <a 'sun/nio/fs/WindowsException'{0x0000000088df2468}> (0x0000000088df2468) 
thrown [s\open\src\hotspot\share\prims\jni.cpp, line 516]
Event: 0.959 Thread 0x000002469b5894f0 Exception <a 'java/lang/NoSuchMethodError'{0x000000008845c468}: 'void java.lang.invoke.Invokers$Holder.invokeExact_MT(java.lang.Object, java.lang.Object, java.lang.Object, java.lang.Object)'> (0x000000008845c468) 
thrown [s\open\src\hotspot\share\interpreter\linkResolver.cpp, line 759]
Event: 13.196 Thread 0x000002469b5894f0 Implicit null exception at 0x00000246aa9def22 to 0x00000246aa9df190

VM Operations (20 events):
Event: 16.365 Executing VM operation: Cleanup
Event: 16.366 Executing VM operation: Cleanup done
Event: 17.366 Executing VM operation: Cleanup
Event: 17.366 Executing VM operation: Cleanup done
Event: 18.367 Executing VM operation: Cleanup
Event: 18.367 Executing VM operation: Cleanup done
Event: 20.367 Executing VM operation: Cleanup
Event: 20.368 Executing VM operation: Cleanup done
Event: 22.368 Executing VM operation: Cleanup
Event: 22.368 Executing VM operation: Cleanup done
Event: 24.369 Executing VM operation: Cleanup
Event: 24.369 Executing VM operation: Cleanup done
Event: 27.372 Executing VM operation: Cleanup
Event: 27.372 Executing VM operation: Cleanup done
Event: 28.372 Executing VM operation: Cleanup
Event: 28.372 Executing VM operation: Cleanup done
Event: 31.374 Executing VM operation: Cleanup
Event: 31.374 Executing VM operation: Cleanup done
Event: 32.374 Executing VM operation: Cleanup
Event: 32.375 Executing VM operation: Cleanup done

Events (20 events):
Event: 0.032 Thread 0x00000246b9baaff0 Thread added: 0x00000246b9baaff0
Event: 0.032 Thread 0x00000246b9bab700 Thread added: 0x00000246b9bab700
Event: 0.084 Thread 0x00000246be0cc4e0 Thread added: 0x00000246be0cc4e0
Event: 0.089 Thread 0x00000246be0d4bd0 Thread added: 0x00000246be0d4bd0
Event: 0.099 Loaded shared library C:\Program Files\Java\jdk-18.0.2.1\bin\net.dll
Event: 0.102 Loaded shared library C:\Program Files\Java\jdk-18.0.2.1\bin\nio.dll
Event: 0.107 Loaded shared library C:\Program Files\Java\jdk-18.0.2.1\bin\zip.dll
Event: 0.182 Loaded shared library C:\Program Files\Java\jdk-18.0.2.1\bin\jimage.dll
Event: 0.187 Loaded shared library C:\Users\Pourav\AppData\Local\Temp\libgdxSurya bhai\e787ab0a\gdx64.dll
Event: 0.238 Loaded shared library C:\Users\Pourav\AppData\Local\Temp\lwjglSurya bhai\3.3.1-build-7\lwjgl.dll
Event: 0.649 Loaded shared library C:\Users\Pourav\AppData\Local\Temp\lwjglSurya bhai\3.3.1-build-7\lwjgl_opengl.dll
Event: 0.987 Thread 0x00000246c0ec5a40 Thread added: 0x00000246c0ec5a40
Event: 13.349 Thread 0x00000246be9468b0 Thread added: 0x00000246be9468b0
Event: 13.350 Thread 0x00000246be03f530 Thread added: 0x00000246be03f530
Event: 13.871 Thread 0x00000246be03f530 Thread exited: 0x00000246be03f530
Event: 14.104 Thread 0x00000246be9468b0 Thread exited: 0x00000246be9468b0
Event: 18.908 Thread 0x00000246c10e1a10 Thread added: 0x00000246c10e1a10
Event: 18.908 Thread 0x00000246c10d9010 Thread added: 0x00000246c10d9010
Event: 19.134 Thread 0x00000246c10d9010 Thread exited: 0x00000246c10d9010
Event: 19.551 Thread 0x00000246c10e1a10 Thread exited: 0x00000246c10e1a10


Dynamic libraries:
0x00007ff6b4e50000 - 0x00007ff6b4e60000 	C:\Program Files\Java\jdk-18.0.2.1\bin\java.exe
0x00007ffbd4270000 - 0x00007ffbd4484000 	C:\WINDOWS\SYSTEM32\ntdll.dll
0x00007ffbd28f0000 - 0x00007ffbd29b2000 	C:\WINDOWS\System32\KERNEL32.DLL
0x00007ffbd1950000 - 0x00007ffbd1ced000 	C:\WINDOWS\System32\KERNELBASE.dll
0x00007ffbd1e10000 - 0x00007ffbd1f21000 	C:\WINDOWS\System32\ucrtbase.dll
0x00007ffbb61a0000 - 0x00007ffbb61b8000 	C:\Program Files\Java\jdk-18.0.2.1\bin\jli.dll
0x00007ffbb6870000 - 0x00007ffbb688a000 	C:\Program Files\Java\jdk-18.0.2.1\bin\VCRUNTIME140.dll
0x00007ffbd3d90000 - 0x00007ffbd3e3e000 	C:\WINDOWS\System32\ADVAPI32.dll
0x00007ffbd35f0000 - 0x00007ffbd3697000 	C:\WINDOWS\System32\msvcrt.dll
0x00007ffbd3f20000 - 0x00007ffbd3fc4000 	C:\WINDOWS\System32\sechost.dll
0x00007ffbd2ae0000 - 0x00007ffbd2bf5000 	C:\WINDOWS\System32\RPCRT4.dll
0x00007ffbd3260000 - 0x00007ffbd340a000 	C:\WINDOWS\System32\USER32.dll
0x00007ffbc1160000 - 0x00007ffbc13ee000 	C:\WINDOWS\WinSxS\amd64_microsoft.windows.common-controls_6595b64144ccf1df_6.0.22621.608_none_a9444ca7c10bb01d\COMCTL32.dll
0x00007ffbd18b0000 - 0x00007ffbd18d6000 	C:\WINDOWS\System32\win32u.dll
0x00007ffbd2850000 - 0x00007ffbd2879000 	C:\WINDOWS\System32\GDI32.dll
0x00007ffbd1cf0000 - 0x00007ffbd1e02000 	C:\WINDOWS\System32\gdi32full.dll
0x00007ffbcd7d0000 - 0x00007ffbcd7da000 	C:\WINDOWS\SYSTEM32\VERSION.dll
0x00007ffbd16a0000 - 0x00007ffbd173a000 	C:\WINDOWS\System32\msvcp_win.dll
0x00007ffbd39c0000 - 0x00007ffbd39f2000 	C:\WINDOWS\System32\IMM32.DLL
0x00007ffbc0d00000 - 0x00007ffbc0d0c000 	C:\Program Files\Java\jdk-18.0.2.1\bin\vcruntime140_1.dll
0x00007ffb745e0000 - 0x00007ffb7466d000 	C:\Program Files\Java\jdk-18.0.2.1\bin\msvcp140.dll
0x00007ffb50640000 - 0x00007ffb51251000 	C:\Program Files\Java\jdk-18.0.2.1\bin\server\jvm.dll
0x00007ffbd3150000 - 0x00007ffbd3158000 	C:\WINDOWS\System32\PSAPI.DLL
0x00007ffbca610000 - 0x00007ffbca644000 	C:\WINDOWS\SYSTEM32\WINMM.dll
0x00007ffbc5530000 - 0x00007ffbc5539000 	C:\WINDOWS\SYSTEM32\WSOCK32.dll
0x00007ffbd3160000 - 0x00007ffbd31d1000 	C:\WINDOWS\System32\WS2_32.dll
0x00007ffbd06d0000 - 0x00007ffbd06e8000 	C:\WINDOWS\SYSTEM32\kernel.appcore.dll
0x00007ffbbe0a0000 - 0x00007ffbbe0aa000 	C:\Program Files\Java\jdk-18.0.2.1\bin\jimage.dll
0x00007ffbce8b0000 - 0x00007ffbceade000 	C:\WINDOWS\SYSTEM32\DBGHELP.DLL
0x00007ffbd3a00000 - 0x00007ffbd3d8a000 	C:\WINDOWS\System32\combase.dll
0x00007ffbd3e40000 - 0x00007ffbd3f17000 	C:\WINDOWS\System32\OLEAUT32.dll
0x00007ffbc6020000 - 0x00007ffbc6052000 	C:\WINDOWS\SYSTEM32\dbgcore.DLL
0x00007ffbd1f30000 - 0x00007ffbd1fab000 	C:\WINDOWS\System32\bcryptPrimitives.dll
0x00007ffbb1360000 - 0x00007ffbb1385000 	C:\Program Files\Java\jdk-18.0.2.1\bin\java.dll
0x00007ffb73090000 - 0x00007ffb73166000 	C:\Program Files\Java\jdk-18.0.2.1\bin\jsvml.dll
0x00007ffbd2070000 - 0x00007ffbd2850000 	C:\WINDOWS\System32\SHELL32.dll
0x00007ffbcf690000 - 0x00007ffbcff55000 	C:\WINDOWS\SYSTEM32\windows.storage.dll
0x00007ffbcf550000 - 0x00007ffbcf68e000 	C:\WINDOWS\SYSTEM32\wintypes.dll
0x00007ffbd36a0000 - 0x00007ffbd3791000 	C:\WINDOWS\System32\SHCORE.dll
0x00007ffbd30f0000 - 0x00007ffbd314e000 	C:\WINDOWS\System32\shlwapi.dll
0x00007ffbd15d0000 - 0x00007ffbd15f1000 	C:\WINDOWS\SYSTEM32\profapi.dll
0x00007ffbb5ce0000 - 0x00007ffbb5cf3000 	C:\Program Files\Java\jdk-18.0.2.1\bin\net.dll
0x00007ffbcb5b0000 - 0x00007ffbcb6df000 	C:\WINDOWS\SYSTEM32\WINHTTP.dll
0x00007ffbd0b30000 - 0x00007ffbd0b99000 	C:\WINDOWS\system32\mswsock.dll
0x00007ffbb5bf0000 - 0x00007ffbb5c06000 	C:\Program Files\Java\jdk-18.0.2.1\bin\nio.dll
0x00007ffbb5650000 - 0x00007ffbb5668000 	C:\Program Files\Java\jdk-18.0.2.1\bin\zip.dll
0x0000000071e40000 - 0x0000000071e69000 	C:\Users\Pourav\AppData\Local\Temp\libgdxSurya bhai\e787ab0a\gdx64.dll
0x00007ffb93350000 - 0x00007ffb933c5000 	C:\Users\Pourav\AppData\Local\Temp\lwjglSurya bhai\3.3.1-build-7\lwjgl.dll
0x00007ffb62e90000 - 0x00007ffb630e9000 	C:\Users\Pourav\AppData\Local\Temp\lwjglSurya bhai\3.3.1-build-7\jemalloc.dll
0x00007ffb84d00000 - 0x00007ffb84d61000 	C:\Users\Pourav\AppData\Local\Temp\lwjglSurya bhai\3.3.1-build-7\glfw.dll
0x00007ffb83340000 - 0x00007ffb83386000 	C:\WINDOWS\SYSTEM32\dinput8.dll
0x00007ffb827b0000 - 0x00007ffb827c1000 	C:\WINDOWS\SYSTEM32\xinput1_4.dll
0x00007ffbd1350000 - 0x00007ffbd1383000 	C:\WINDOWS\SYSTEM32\DEVOBJ.dll
0x00007ffbd1390000 - 0x00007ffbd13de000 	C:\WINDOWS\SYSTEM32\cfgmgr32.dll
0x00007ffbceef0000 - 0x00007ffbcef1b000 	C:\WINDOWS\SYSTEM32\dwmapi.dll
0x00007ffbb63e0000 - 0x00007ffbb65e1000 	C:\WINDOWS\SYSTEM32\inputhost.dll
0x00007ffbccf20000 - 0x00007ffbcd053000 	C:\WINDOWS\SYSTEM32\CoreMessaging.dll
0x00007ffbcec90000 - 0x00007ffbced3b000 	C:\WINDOWS\system32\uxtheme.dll
0x00007ffbd0dd0000 - 0x00007ffbd0ddc000 	C:\WINDOWS\SYSTEM32\CRYPTBASE.DLL
0x00007ffbd29c0000 - 0x00007ffbd2ade000 	C:\WINDOWS\System32\MSCTF.dll
0x00007ffb62810000 - 0x00007ffb629a7000 	C:\Users\Pourav\AppData\Local\Temp\lwjglSurya bhai\3.3.1-build-7\OpenAL.dll
0x00007ffbd3820000 - 0x00007ffbd39bc000 	C:\WINDOWS\System32\ole32.dll
0x00007ffbd4160000 - 0x00007ffbd4217000 	C:\WINDOWS\System32\clbcatq.dll
0x00007ffbc5d70000 - 0x00007ffbc5e0d000 	C:\WINDOWS\System32\MMDevApi.dll
0x00007ffbb1580000 - 0x00007ffbb1764000 	C:\WINDOWS\SYSTEM32\AUDIOSES.DLL
0x00007ffbcf150000 - 0x00007ffbcf165000 	C:\WINDOWS\SYSTEM32\resourcepolicyclient.dll
0x00007ffbd1110000 - 0x00007ffbd115d000 	C:\WINDOWS\SYSTEM32\powrprof.dll
0x00007ffbd0fd0000 - 0x00007ffbd0fe3000 	C:\WINDOWS\SYSTEM32\UMPDC.dll
0x00007ffb819a0000 - 0x00007ffb81aa0000 	C:\WINDOWS\SYSTEM32\opengl32.dll
0x00007ffbbbdb0000 - 0x00007ffbbbddd000 	C:\WINDOWS\SYSTEM32\GLU32.dll
0x00007ffbceda0000 - 0x00007ffbcedd6000 	C:\WINDOWS\SYSTEM32\dxcore.dll
0x00007ffbc64f0000 - 0x00007ffbc6626000 	C:\Windows\System32\AppXDeploymentClient.dll
0x00007ffb49ff0000 - 0x00007ffb4d91d000 	C:\WINDOWS\System32\DriverStore\FileRepository\nvlti.inf_amd64_71a7d1f04eb44c3a\nvoglv64.dll
0x00007ffbd2c50000 - 0x00007ffbd30ca000 	C:\WINDOWS\System32\SETUPAPI.dll
0x00007ffbcd240000 - 0x00007ffbcd254000 	C:\WINDOWS\SYSTEM32\WTSAPI32.dll
0x00007ffbd0ff0000 - 0x00007ffbd1018000 	C:\WINDOWS\SYSTEM32\bcrypt.dll
0x00007ffbd1330000 - 0x00007ffbd1342000 	C:\WINDOWS\SYSTEM32\msasn1.dll
0x00007ffbc64b0000 - 0x00007ffbc64e2000 	C:\WINDOWS\SYSTEM32\cryptnet.dll
0x00007ffbd1740000 - 0x00007ffbd18a6000 	C:\WINDOWS\System32\CRYPT32.dll
0x00007ffbc6350000 - 0x00007ffbc64a8000 	C:\WINDOWS\SYSTEM32\drvstore.dll
0x00007ffbd0eb0000 - 0x00007ffbd0ef8000 	C:\WINDOWS\SYSTEM32\wldp.dll
0x00007ffbd18e0000 - 0x00007ffbd1949000 	C:\WINDOWS\System32\WINTRUST.dll
0x00007ffbd06f0000 - 0x00007ffbd0724000 	C:\WINDOWS\SYSTEM32\ntmarta.dll
0x00007ffb75170000 - 0x00007ffb7543f000 	C:\WINDOWS\system32\nvspcap64.dll
0x00007ffbd0d40000 - 0x00007ffbd0da6000 	C:\WINDOWS\SYSTEM32\WINSTA.dll
0x00007ffb81940000 - 0x00007ffb8199d000 	C:\Users\Pourav\AppData\Local\Temp\lwjglSurya bhai\3.3.1-build-7\lwjgl_opengl.dll
0x00007ffba3630000 - 0x00007ffba375d000 	C:\WINDOWS\SYSTEM32\textinputframework.dll
0x00007ffbc0020000 - 0x00007ffbc038c000 	C:\WINDOWS\SYSTEM32\CoreUIComponents.dll

dbghelp: loaded successfully - version: 4.0.5 - missing functions: none
symbol engine: initialized successfully - sym options: 0x614 - pdb path: .;C:\Program Files\Java\jdk-18.0.2.1\bin;C:\WINDOWS\SYSTEM32;C:\WINDOWS\WinSxS\amd64_microsoft.windows.common-controls_6595b64144ccf1df_6.0.22621.608_none_a9444ca7c10bb01d;C:\Program Files\Java\jdk-18.0.2.1\bin\server;C:\Users\Pourav\AppData\Local\Temp\libgdxSurya bhai\e787ab0a;C:\Users\Pourav\AppData\Local\Temp\lwjglSurya bhai\3.3.1-build-7;C:\WINDOWS\System32\DriverStore\FileRepository\nvlti.inf_amd64_71a7d1f04eb44c3a

VM Arguments:
jvm_args: -Dfile.encoding=windows-1252 -Duser.country=IN -Duser.language=en -Duser.variant 
java_command: com.badlogic.drop.DesktopLauncher
java_class_path (initial): C:\Users\Pourav\OneDrive\Desktop\ourFinalGame\desktop\build\classes\java\main;C:\Users\Pourav\OneDrive\Desktop\ourFinalGame\desktop\build\resources\main;C:\Users\Pourav\.gradle\caches\modules-2\files-2.1\com.badlogicgames.gdx\gdx-backend-lwjgl3\1.11.0\58a96db4cd349be4292d547856aa1e1c5f065f4e\gdx-backend-lwjgl3-1.11.0.jar;C:\Users\Pourav\.gradle\caches\modules-2\files-2.1\com.badlogicgames.gdx\gdx-platform\1.11.0\697fb13eada6d3c6ca648c9788692b0159add126\gdx-platform-1.11.0-natives-desktop.jar;C:\Users\Pourav\OneDrive\Desktop\ourFinalGame\core\build\libs\core-1.0.jar;C:\Users\Pourav\.gradle\caches\modules-2\files-2.1\com.badlogicgames.gdx\gdx\1.11.0\ffe1206d1004cd9e40027e28964be0fea0399af7\gdx-1.11.0.jar;C:\Users\Pourav\.gradle\caches\modules-2\files-2.1\org.lwjgl\lwjgl-glfw\3.3.1\cbac1b8d30cb4795149c1ef540f912671a8616d0\lwjgl-glfw-3.3.1.jar;C:\Users\Pourav\.gradle\caches\modules-2\files-2.1\org.lwjgl\lwjgl-glfw\3.3.1\81716978214ecbda15050ca394b06ef61501a49e\lwjgl-glfw-3.3.1-natives-linux.jar;C:\Users\Pourav\.gradle\caches\modules-2\files-2.1\org.lwjgl\lwjgl-glfw\3.3.1\816d935933f2dd743074c4e717cc25b55720f294\lwjgl-glfw-3.3.1-natives-linux-arm32.jar;C:\Users\Pourav\.gradle\caches\modules-2\files-2.1\org.lwjgl\lwjgl-glfw\3.3.1\513eb39b866d0fe131a18d5c517087805433b029\lwjgl-glfw-3.3.1-natives-linux-arm64.jar;C:\Users\Pourav\.gradle\caches\modules-2\files-2.1\org.lwjgl\lwjgl-glfw\3.3.1\9ec4ce1fc8c85fdef03ef4ff2aace6f5775fb280\lwjgl-glfw-3.3.1-natives-macos.jar;C:\Users\Pourav\.gradle\caches\modules-2\files-2.1\org.lwjgl\lwjgl-glfw\3.3.1\cac0d3f712a3da7641fa174735a5f315de7ffe0a\lwjgl-glfw-3.3.1-natives-macos-arm64.jar;C:\Users\Pourav\.gradle\caches\modules-2\files-2.1\org.lwjgl\lwjgl-glfw\3.3.1\ed892f945cf7e79c8756796f32d00fa4ceaf573b\lwjgl-glfw-3.3.1-natives-windows.jar;C:\Users\Pourav\.gradle\caches\modules-2\files-2.1\org.lwjgl\lwjgl-glfw\3.3.1\b997e3391d6ce8f05487e7335d95c606043884a1\lwjgl-glfw-3.3.1-natives-windows-x86.jar;C:\Users\Pourav\.gradle\caches\modules-2\files-2.1\org.lwjgl\lwjgl-jemalloc\3.3.1\a817bcf213db49f710603677457567c37d53e103\lwjgl-jemalloc-3.3.1.jar;C:\Users\Pourav\.gradle\caches\modules-2\files-2.1\org.lwjgl\lwjgl-jemalloc\3.3.1\33dbb017b6ed6b25f993ad9d56741a49e7937718\lwjgl-jemalloc-3.3.1-natives-linux.jar;C:\Users\Pourav\.gradle\caches\modules-2\files-2.1\org.lwjgl\lwjgl-jemalloc\3.3.1\a96a6d6cb3876d7813fcee53c3c24f246aeba3b3\lwjgl-jemalloc-3.3.1-natives-linux-arm32.jar;C:\Users\Pourav\.gradle\caches\modules-2\files-2.1\org.lwjgl\lwjgl-jemalloc\3.3.1\c6606e57db075ad218a2e78d2416c159a53b6a0c\lwjgl-jemalloc-3.3.1-natives-linux-arm64.jar;C:\Users\Pourav\.gradle\caches\modules-2\files-2.1\org.lwjgl\lwjgl-jemalloc\3.3.1\56424dc8db3cfb8e7b594aa6d59a4f4387b7f544\lwjgl-jemalloc-3.3.1-natives-macos.jar;C:\Users\Pourav\.gradle\caches\modules-2\files-2.1\org.lwjgl\lwjgl-jemalloc\3.3.1\e577b87d8ad2ade361aaea2fcf226c660b15dee8\lwjgl-jemalloc-3.3.1-natives-macos-arm64.jar;C:\Users\Pourav\.gradle\caches\modules-2\files-2.1\org.lwjgl\lwjgl-jemalloc\3.3.1\948a89b76a16aa324b046ae9308891216ffce5f9\lwjgl-jemalloc-3.3.1-natives-windows.jar;C:\Users\Pourav\.gradle\caches\modules-2\files-2.1\org.lwjgl\lwjgl-jemalloc\3.3.1\fb476c8ec110e1c137ad3ce8a7f7bfe6b11c6324\lwjgl-jemalloc-3.3.1-natives-windows-x86.jar;C:\Users\Pourav\.gradle\caches\modules-2\files-2.1\org.lwjgl\lwjgl-openal\3.3.1\2623a6b8ae1dfcd880738656a9f0243d2e6840bd\lwjgl-openal-3.3.1.jar;C:\Users\Pourav\.gradle\caches\modules-2\files-2.1\org.lwjgl\lwjgl-openal\3.3.1\f906b6439f6daa66001182ea7727e3467a93681b\lwjgl-openal-3.3.1-natives-linux.jar;C:\Users\Pourav\.gradle\caches\modules-2\files-2.1\org.lwjgl\lwjgl-openal\3.3.1\ffbe35d7fa5ec9b7eca136a7c71f24d4025a510b\lwjgl-openal-3.3.1-natives-linux-arm32.jar;C:\Users\Pourav\.gradle\caches\modules-2\files-2.1\org.lwjgl\lwjgl-openal\3.3.1\cf4e303257e82981b8b2e31bba3d7f8f7b8f42b2\lwjgl-openal-3.3.1-natives-linux-arm64.jar;C:\Users\Pourav\.gradle\caches\modules-2\files-2.1\org.lwjgl\lwjgl-openal\3.3.1\3a57b8911835fb58b5e558d0ca0d28157e263d45\lwjgl-openal-3.3.1-natives-macos.jar;C:\Users\Pourav\.gradle\caches\modules-2\files-2.1\org.lwjgl\lwjgl-openal\3.3.1\23d55e7490b57495320f6c9e1936d78fd72c4ef8\lwjgl-openal-3.3.1-natives-macos-arm64.jar;C:\Users\Pourav\.gradle\caches\modules-2\files-2.1\org.lwjgl\lwjgl-openal\3.3.1\30a474d0e57193d7bc128849a3ab66bc9316fdb1\lwjgl-openal-3.3.1-natives-windows.jar;C:\Users\Pourav\.gradle\caches\modules-2\files-2.1\org.lwjgl\lwjgl-openal\3.3.1\888349f7b1be6fbae58bf8edfb9ef12def04c4e3\lwjgl-openal-3.3.1-natives-windows-x86.jar;C:\Users\Pourav\.gradle\caches\modules-2\files-2.1\org.lwjgl\lwjgl-opengl\3.3.1\831a5533a21a5f4f81bbc51bb13e9899319b5411\lwjgl-opengl-3.3.1.jar;C:\Users\Pourav\.gradle\caches\modules-2\files-2.1\org.lwjgl\lwjgl-opengl\3.3.1\ab9ab6fde3743e3550fa5d46d785ecb45b047d99\lwjgl-opengl-3.3.1-natives-linux.jar;C:\Users\Pourav\.gradle\caches\modules-2\files-2.1\org.lwjgl\lwjgl-opengl\3.3.1\e3550fa91097fd56e361b4370fa822220fef3595\lwjgl-opengl-3.3.1-natives-linux-arm32.jar;C:\Users\Pourav\.gradle\caches\modules-2\files-2.1\org.lwjgl\lwjgl-opengl\3.3.1\1c528fb258a6e63e8fceb4482d8db0f3af10a634\lwjgl-opengl-3.3.1-natives-linux-arm64.jar;C:\Users\Pourav\.gradle\caches\modules-2\files-2.1\org.lwjgl\lwjgl-opengl\3.3.1\a0d12697ea019a7362eff26475b0531340e876a6\lwjgl-opengl-3.3.1-natives-macos.jar;C:\Users\Pourav\.gradle\caches\modules-2\files-2.1\org.lwjgl\lwjgl-opengl\3.3.1\eafe34b871d966292e8db0f1f3d6b8b110d4e91d\lwjgl-opengl-3.3.1-natives-macos-arm64.jar;C:\Users\Pourav\.gradle\caches\modules-2\files-2.1\org.lwjgl\lwjgl-opengl\3.3.1\c1807e9bd571402787d7e37e3029776ae2513bb8\lwjgl-opengl-3.3.1-natives-windows.jar;C:\Users\Pourav\.gradle\caches\modules-2\files-2.1\org.lwjgl\lwjgl-opengl\3.3.1\deef3eb9b178ff2ff3ce893cc72ae741c3a17974\lwjgl-opengl-3.3.1-natives-windows-x86.jar;C:\Users\Pourav\.gradle\caches\modules-2\files-2.1\org.lwjgl\lwjgl-stb\3.3.1\b119297cf8ed01f247abe8685857f8e7fcf5980f\lwjgl-stb-3.3.1.jar;C:\Users\Pourav\.gradle\caches\modules-2\files-2.1\org.lwjgl\lwjgl-stb\3.3.1\3ee7aec8686e52867677110415566a5342a80230\lwjgl-stb-3.3.1-natives-linux.jar;C:\Users\Pourav\.gradle\caches\modules-2\files-2.1\org.lwjgl\lwjgl-stb\3.3.1\b08226bab162c06ae69337d8a1b0ee0a3fdf0b90\lwjgl-stb-3.3.1-natives-linux-arm32.jar;C:\Users\Pourav\.gradle\caches\modules-2\files-2.1\org.lwjgl\lwjgl-stb\3.3.1\8e8348a1813aad7f30aaf75ea197151ebb7beba9\lwjgl-stb-3.3.1-natives-linux-arm64.jar;C:\Users\Pourav\.gradle\caches\modules-2\files-2.1\org.lwjgl\lwjgl-stb\3.3.1\def8879b8d38a47a4cc1d48b1f9a7b772e51258e\lwjgl-stb-3.3.1-natives-macos.jar;C:\Users\Pourav\.gradle\caches\modules-2\files-2.1\org.lwjgl\lwjgl-stb\3.3.1\fcf073ed911752abdca5f0b00a53cfdf17ff8e8b\lwjgl-stb-3.3.1-natives-macos-arm64.jar;C:\Users\Pourav\.gradle\caches\modules-2\files-2.1\org.lwjgl\lwjgl-stb\3.3.1\86315914ac119efdb02dc9e8e978ade84f1702af\lwjgl-stb-3.3.1-natives-windows.jar;C:\Users\Pourav\.gradle\caches\modules-2\files-2.1\org.lwjgl\lwjgl-stb\3.3.1\a8d41f419eecb430b7c91ea2ce2c5c451cae2091\lwjgl-stb-3.3.1-natives-windows-x86.jar;C:\Users\Pourav\.gradle\caches\modules-2\files-2.1\org.lwjgl\lwjgl\3.3.1\ae58664f88e18a9bb2c77b063833ca7aaec484cb\lwjgl-3.3.1.jar;C:\Users\Pourav\.gradle\caches\modules-2\files-2.1\org.lwjgl\lwjgl\3.3.1\1de885aba434f934201b99f2f1afb142036ac189\lwjgl-3.3.1-natives-linux.jar;C:\Users\Pourav\.gradle\caches\modules-2\files-2.1\org.lwjgl\lwjgl\3.3.1\41a3c1dd15d6b964eb8196dde69720a3e3e5e969\lwjgl-3.3.1-natives-linux-arm32.jar;C:\Users\Pourav\.gradle\caches\modules-2\files-2.1\org.lwjgl\lwjgl\3.3.1\b597401014acb7196c76d97e15a6288f54f1f692\lwjgl-3.3.1-natives-linux-arm64.jar;C:\Users\Pourav\.gradle\caches\modules-2\files-2.1\org.lwjgl\lwjgl\3.3.1\fc6bb723dec2cd031557dccb2a95f0ab80acb9db\lwjgl-3.3.1-natives-macos.jar;C:\Users\Pourav\.gradle\caches\modules-2\files-2.1\org.lwjgl\lwjgl\3.3.1\71d0d5e469c9c95351eb949064497e3391616ac9\lwjgl-3.3.1-natives-macos-arm64.jar;C:\Users\Pourav\.gradle\caches\modules-2\files-2.1\org.lwjgl\lwjgl\3.3.1\36c37f16ab611b3aa11f3bcf80b1d509b4ce6b\lwjgl-3.3.1-natives-windows.jar;C:\Users\Pourav\.gradle\caches\modules-2\files-2.1\org.lwjgl\lwjgl\3.3.1\3b14f4beae9dd39791ec9e12190a9380cd8a3ce6\lwjgl-3.3.1-natives-windows-x86.jar;C:\Users\Pourav\.gradle\caches\modules-2\files-2.1\com.badlogicgames.jlayer\jlayer\1.0.1-gdx\7cca83cec5c1b2f011362f4d85aabd71a73b049d\jlayer-1.0.1-gdx.jar;C:\Users\Pourav\.gradle\caches\modules-2\files-2.1\org.jcraft\jorbis\0.0.17\8872d22b293e8f5d7d56ff92be966e6dc28ebdc6\jorbis-0.0.17.jar;C:\Users\Pourav\.gradle\caches\modules-2\files-2.1\com.badlogicgames.gdx\gdx-jnigen-loader\2.3.1\2d472f69243631fbcb3d4c3f93dd2e137a6cb084\gdx-jnigen-loader-2.3.1.jar
Launcher Type: SUN_STANDARD

[Global flags]
     intx CICompilerCount                          = 4                                         {product} {ergonomic}
     uint ConcGCThreads                            = 3                                         {product} {ergonomic}
     uint G1ConcRefinementThreads                  = 10                                        {product} {ergonomic}
   size_t G1HeapRegionSize                         = 1048576                                   {product} {ergonomic}
    uintx GCDrainStackTargetSize                   = 64                                        {product} {ergonomic}
   size_t InitialHeapSize                          = 134217728                                 {product} {ergonomic}
   size_t MarkStackSize                            = 4194304                                   {product} {ergonomic}
   size_t MaxHeapSize                              = 2124414976                                {product} {ergonomic}
   size_t MaxNewSize                               = 1274019840                                {product} {ergonomic}
   size_t MinHeapDeltaBytes                        = 1048576                                   {product} {ergonomic}
   size_t MinHeapSize                              = 8388608                                   {product} {ergonomic}
    uintx NonNMethodCodeHeapSize                   = 5839372                                {pd product} {ergonomic}
    uintx NonProfiledCodeHeapSize                  = 122909434                              {pd product} {ergonomic}
    uintx ProfiledCodeHeapSize                     = 122909434                              {pd product} {ergonomic}
    uintx ReservedCodeCacheSize                    = 251658240                              {pd product} {ergonomic}
     bool SegmentedCodeCache                       = true                                      {product} {ergonomic}
   size_t SoftMaxHeapSize                          = 2124414976                             {manageable} {ergonomic}
     bool UseCompressedClassPointers               = true                           {product lp64_product} {ergonomic}
     bool UseCompressedOops                        = true                           {product lp64_product} {ergonomic}
     bool UseG1GC                                  = true                                      {product} {ergonomic}
     bool UseLargePagesIndividualAllocation        = false                                  {pd product} {ergonomic}

Logging:
Log output configuration:
 #0: stdout all=warning uptime,level,tags foldmultilines=false
 #1: stderr all=off uptime,level,tags foldmultilines=false

Environment Variables:
PATH=C:\Program Files\Common Files\Oracle\Java\javapath;C:\Windows\system32;C:\Windows;C:\Windows\System32\Wbem;C:\Windows\System32\WindowsPowerShell\v1.0\;C:\Windows\System32\OpenSSH\;C:\Program Files (x86)\NVIDIA Corporation\PhysX\Common;C:\Program Files\NVIDIA Corporation\NVIDIA NvDLISR;C:\WINDOWS\system32;C:\WINDOWS;C:\WINDOWS\System32\Wbem;C:\WINDOWS\System32\WindowsPowerShell\v1.0\;C:\WINDOWS\System32\OpenSSH\;C:\Users\Pourav\AppData\Local\Programs\Python\Python310\Scripts\;C:\Users\Pourav\AppData\Local\Programs\Python\Python310\;C:\Users\Pourav\AppData\Local\Microsoft\WindowsApps;;C:\Users\Pourav\AppData\Local\Programs\Microsoft VS Code\bin
USERNAME=Surya bhai
OS=Windows_NT
PROCESSOR_IDENTIFIER=Intel64 Family 6 Model 165 Stepping 2, GenuineIntel



---------------  S Y S T E M  ---------------

OS:
 Windows 11 , 64 bit Build 22621 (10.0.22621.755)
OS uptime: 13 days 22:58 hours
Hyper-V role detected

CPU: total 12 (initial active 12) (6 cores per cpu, 2 threads per core) family 6 model 165 stepping 2 microcode 0xea, cx8, cmov, fxsr, ht, mmx, 3dnowpref, sse, sse2, sse3, ssse3, sse4.1, sse4.2, popcnt, lzcnt, tsc, tscinvbit, avx, avx2, aes, erms, clmul, bmi1, bmi2, adx, fma, vzeroupper, clflush, clflushopt, hv

Memory: 4k page, system-wide physical 8099M (702M free)
TotalPageFile size 22457M (AvailPageFile size 3159M)
current process WorkingSet (physical memory assigned to process): 154M, peak: 214M
current process commit charge ("private bytes"): 427M, peak: 452M

vm_info: Java HotSpot(TM) 64-Bit Server VM (18.0.2.1+1-1) for windows-amd64 JRE (18.0.2.1+1-1), built on Aug 16 2022 01:46:33 by "mach5one" with MS VC++ 16.8 / 16.9 (VS2019)

END.
