#
# A fatal error has been detected by the Java Runtime Environment:
#
#  EXCEPTION_ACCESS_VIOLATION (0xc0000005) at pc=0x00007ffbd42b6a98, pid=32072, tid=24200
#
# JRE version: Java(TM) SE Runtime Environment (18.0.2.1+1) (build 18.0.2.1+1-1)
# Java VM: Java HotSpot(TM) 64-Bit Server VM (18.0.2.1+1-1, mixed mode, sharing, tiered, compressed oops, compressed class ptrs, g1 gc, windows-amd64)
# Problematic frame:
# C  [ntdll.dll+0x46a98]
#
# No core dump will be written. Minidumps are not enabled by default on client versions of Windows
#
# If you would like to submit a bug report, please visit:
#   https://bugreport.java.com/bugreport/crash.jsp
# The crash happened outside the Java Virtual Machine in native code.
# See problematic frame for where to report the bug.
#

---------------  S U M M A R Y ------------

Command Line: -Dfile.encoding=windows-1252 -Duser.country=IN -Duser.language=en -Duser.variant com.badlogic.drop.DesktopLauncher

Host: Intel(R) Core(TM) i5-10500H CPU @ 2.50GHz, 12 cores, 7G,  Windows 11 , 64 bit Build 22621 (10.0.22621.755)
Time: Wed Nov 23 21:50:05 2022 India Standard Time elapsed time: 20.880823 seconds (0d 0h 0m 20s)

---------------  T H R E A D  ---------------

Current thread (0x000002484a109530):  JavaThread "main" [_thread_in_native, id=24200, stack(0x000000ab56b00000,0x000000ab56c00000)]

Stack: [0x000000ab56b00000,0x000000ab56c00000],  sp=0x000000ab56bfe8f0,  free space=1018k
Native frames: (J=compiled Java code, j=interpreted, Vv=VM code, C=native code)
C  [ntdll.dll+0x46a98]
C  [ntdll.dll+0x451eb]
C  [ntdll.dll+0x39df8]
C  [ntdll.dll+0x3c514]
C  [ntdll.dll+0x3b1e1]
C  [msvcrt.dll+0x1cadc]
C  0x0000024851a3d621

Java frames: (J=compiled Java code, j=interpreted, Vv=VM code)
j  com.badlogic.gdx.utils.BufferUtils.freeMemory(Ljava/nio/ByteBuffer;)V+0
j  com.badlogic.gdx.utils.BufferUtils.disposeUnsafeByteBuffer(Ljava/nio/ByteBuffer;)V+51
j  com.badlogic.gdx.graphics.glutils.VertexArray.dispose()V+4
j  com.badlogic.gdx.graphics.Mesh.dispose()V+38
j  com.badlogic.gdx.graphics.g2d.SpriteBatch.dispose()V+4
j  com.badlogic.drop.Drop.dispose()V+4
j  com.badlogic.gdx.backends.lwjgl3.Lwjgl3Window.dispose()V+13
j  com.badlogic.gdx.backends.lwjgl3.Lwjgl3Application.loop()V+408
j  com.badlogic.gdx.backends.lwjgl3.Lwjgl3Application.<init>(Lcom/badlogic/gdx/ApplicationListener;Lcom/badlogic/gdx/backends/lwjgl3/Lwjgl3ApplicationConfiguration;)V+269
j  com.badlogic.drop.DesktopLauncher.main([Ljava/lang/String;)V+47
v  ~StubRoutines::call_stub

siginfo: EXCEPTION_ACCESS_VIOLATION (0xc0000005), writing address 0x00000000fefffff7


Register to memory mapping:

RIP=0x00007ffbd42b6a98 ntdll.dll
RAX=0x0000000050f00d14 is an unknown value
RBX=0x0000024848110000 points into unknown readable memory: 0x0000000000000000 | 00 00 00 00 00 00 00 00
RCX=0x000000007ffe038a points into unknown readable memory: 00 00 00 00 00 00
RDX=0x0 is NULL
RSP=0x000000ab56bfe8f0 is pointing into the stack for thread: 0x000002484a109530
RBP=0x0000024848110150 points into unknown readable memory: 0x000002484811dfc0 | c0 df 11 48 48 02 00 00
RSI=0x00000000feffffff is an unallocated location in the heap
RDI=0x0000024848110000 points into unknown readable memory: 0x0000000000000000 | 00 00 00 00 00 00 00 00
R8 =0x000000ab56bfe858 is pointing into the stack for thread: 0x000002484a109530
R9 =0x0 is NULL
R10=0x0 is NULL
R11=0x0000000000000246 is an unknown value
R12=0x000000007ffe0300 points into unknown readable memory: 0x0000000000989680 | 80 96 98 00 00 00 00 00
R13=0x0000024848110000 points into unknown readable memory: 0x0000000000000000 | 00 00 00 00 00 00 00 00
R14=0x000002486f1c5fc0 points into unknown readable memory: 0x0000000000000000 | 00 00 00 00 00 00 00 00
R15=0x0 is NULL


Registers:
RAX=0x0000000050f00d14, RBX=0x0000024848110000, RCX=0x000000007ffe038a, RDX=0x0000000000000000
RSP=0x000000ab56bfe8f0, RBP=0x0000024848110150, RSI=0x00000000feffffff, RDI=0x0000024848110000
R8 =0x000000ab56bfe858, R9 =0x0000000000000000, R10=0x0000000000000000, R11=0x0000000000000246
R12=0x000000007ffe0300, R13=0x0000024848110000, R14=0x000002486f1c5fc0, R15=0x0000000000000000
RIP=0x00007ffbd42b6a98, EFLAGS=0x0000000000010206

Top of Stack: (sp=0x000000ab56bfe8f0)
0x000000ab56bfe8f0:   00000000000e8000 0000024875988000
0x000000ab56bfe900:   0000024848110000 0000024875987010
0x000000ab56bfe910:   0000000000047040 00007ffbd42b51eb
0x000000ab56bfe920:   0000024848110000 000000ab56bfe980
0x000000ab56bfe930:   000002486f1c5fc0 000002486f1c5fc0
0x000000ab56bfe940:   0000000087d215c0 0000000087d215c0
0x000000ab56bfe950:   0000000800c009f0 0000000000000000
0x000000ab56bfe960:   000000000000000c 000000ab56bfeb68
0x000000ab56bfe970:   0000000000000000 00007ffb50cbc829
0x000000ab56bfe980:   0000000000000000 0000000000000001
0x000000ab56bfe990:   0000024848110000 000000007ffe0380
0x000000ab56bfe9a0:   0000000000000000 000002486f1c5fc0
0x000000ab56bfe9b0:   000002486f1c5fc0 00007ffbd42a9df8
0x000000ab56bfe9c0:   000000ab00000006 0000024848110000
0x000000ab56bfe9d0:   0000000000001389 00007ffbd1dc3e00
0x000000ab56bfe9e0:   000000ab56bfea88 00007ffb5086c0b8 

Instructions: (pc=0x00007ffbd42b6a98)
0x00007ffbd42b6998:   05 00 8b d8 85 c0 0f 88 71 8c 07 00 e8 d7 48 ff
0x00007ffbd42b69a8:   ff bb 80 03 fe 7f 41 bf 26 02 00 00 85 c0 0f 85
0x00007ffbd42b69b8:   99 8c 07 00 8b cb 80 39 00 0f 85 a6 8c 07 00 48
0x00007ffbd42b69c8:   8b 45 20 48 29 87 98 02 00 00 ff 8f 94 02 00 00
0x00007ffbd42b69d8:   e8 a3 48 ff ff 85 c0 0f 85 ba 8c 07 00 48 8b cb
0x00007ffbd42b69e8:   80 39 00 0f 85 c6 8c 07 00 e8 8a 48 ff ff bb 8a
0x00007ffbd42b69f8:   03 fe 7f 41 bf 30 02 00 00 85 c0 0f 85 09 8d 07
0x00007ffbd42b6a08:   00 8b cb 80 39 00 0f 85 16 8d 07 00 ff 87 70 02
0x00007ffbd42b6a18:   00 00 f6 46 0a 04 0f 85 4b 8d 07 00 80 66 0a 17
0x00007ffbd42b6a28:   b0 01 48 8b 5c 24 58 48 8b 74 24 68 48 83 c4 30
0x00007ffbd42b6a38:   41 5f 5f 5d c3 cc cc cc cc cc cc cc 48 89 5c 24
0x00007ffbd42b6a48:   08 48 89 6c 24 10 48 89 74 24 18 57 48 83 ec 20
0x00007ffbd42b6a58:   48 8d a9 50 01 00 00 48 8b f9 48 8b 75 08 eb 1f
0x00007ffbd42b6a68:   83 7f 7c 00 74 15 8a 46 fa 32 46 f9 32 46 f8 88
0x00007ffbd42b6a78:   46 fb 8b 87 88 00 00 00 31 46 f8 48 8b 76 08 48
0x00007ffbd42b6a88:   3b f5 74 5b 83 7f 7c 00 74 1b 8b 87 88 00 00 00
0x00007ffbd42b6a98:   31 46 f8 8a 46 fa 32 46 f9 32 46 f8 38 46 fb 0f
0x00007ffbd42b6aa8:   85 4f 8d 07 00 b8 00 01 00 00 66 39 46 f8 76 14
0x00007ffbd42b6ab8:   f6 46 fa 08 75 aa 48 8d 56 f0 48 8b cf e8 3a 00
0x00007ffbd42b6ac8:   00 00 eb b7 83 7f 7c 00 74 15 8a 46 fa 32 46 f9
0x00007ffbd42b6ad8:   32 46 f8 88 46 fb 8b 87 88 00 00 00 31 46 f8 48
0x00007ffbd42b6ae8:   8b 5c 24 30 48 8b 6c 24 38 48 8b 74 24 40 48 83
0x00007ffbd42b6af8:   c4 20 5f c3 cc cc cc cc cc cc cc cc 48 89 5c 24
0x00007ffbd42b6b08:   18 48 89 74 24 20 55 57 41 57 48 8b ec 48 83 ec
0x00007ffbd42b6b18:   40 48 8b da 48 8b f1 0f b7 52 08 48 89 55 20 80
0x00007ffbd42b6b28:   63 0a f8 c6 43 0f 00 f6 41 70 40 0f 85 d5 8c 07
0x00007ffbd42b6b38:   00 48 8b 86 68 01 00 00 48 33 05 91 ed 13 00 0f
0x00007ffbd42b6b48:   85 b9 00 00 00 4c 8d 4d 20 48 8b d3 4c 8d 45 28
0x00007ffbd42b6b58:   e8 df 00 00 00 84 c0 0f 84 a1 00 00 00 41 b9 00
0x00007ffbd42b6b68:   40 00 00 4c 8d 45 20 48 8d 55 28 e8 18 01 00 00
0x00007ffbd42b6b78:   8b f8 85 c0 0f 88 10 8e 07 00 e8 f9 46 ff ff bf
0x00007ffbd42b6b88:   80 03 fe 7f 41 bf 26 02 00 00 85 c0 0f 85 c8 8c 


Stack slot to memory mapping:
stack at sp + 0 slots: 0x00000000000e8000 is an unknown value
stack at sp + 1 slots: 0x0000024875988000 is an unknown value
stack at sp + 2 slots: 0x0000024848110000 points into unknown readable memory: 0x0000000000000000 | 00 00 00 00 00 00 00 00
stack at sp + 3 slots: 0x0000024875987010 points into unknown readable memory: 0x0000000000000000 | 00 00 00 00 00 00 00 00
stack at sp + 4 slots: 0x0000000000047040 is an unknown value
stack at sp + 5 slots: 0x00007ffbd42b51eb ntdll.dll
stack at sp + 6 slots: 0x0000024848110000 points into unknown readable memory: 0x0000000000000000 | 00 00 00 00 00 00 00 00
stack at sp + 7 slots: 0x000000ab56bfe980 is pointing into the stack for thread: 0x000002484a109530


---------------  P R O C E S S  ---------------

Threads class SMR info:
_java_thread_list=0x0000024802a2ab60, length=13, elements={
0x000002484a109530, 0x00000248686f2680, 0x00000248686f5030, 0x0000024868710ef0,
0x0000024868711890, 0x0000024868712230, 0x0000024868712bd0, 0x0000024868716da0,
0x00000248687206b0, 0x0000024868720fa0, 0x000002486c9bd590, 0x000002486c9c3c70,
0x0000024872580230
}

Java Threads: ( => current thread )
=>0x000002484a109530 JavaThread "main" [_thread_in_native, id=24200, stack(0x000000ab56b00000,0x000000ab56c00000)]
  0x00000248686f2680 JavaThread "Reference Handler" daemon [_thread_blocked, id=25940, stack(0x000000ab57200000,0x000000ab57300000)]
  0x00000248686f5030 JavaThread "Finalizer" daemon [_thread_blocked, id=17324, stack(0x000000ab57300000,0x000000ab57400000)]
  0x0000024868710ef0 JavaThread "Signal Dispatcher" daemon [_thread_blocked, id=23444, stack(0x000000ab57400000,0x000000ab57500000)]
  0x0000024868711890 JavaThread "Attach Listener" daemon [_thread_blocked, id=6620, stack(0x000000ab57500000,0x000000ab57600000)]
  0x0000024868712230 JavaThread "Service Thread" daemon [_thread_blocked, id=28072, stack(0x000000ab57600000,0x000000ab57700000)]
  0x0000024868712bd0 JavaThread "Monitor Deflation Thread" daemon [_thread_blocked, id=40524, stack(0x000000ab57700000,0x000000ab57800000)]
  0x0000024868716da0 JavaThread "C2 CompilerThread0" daemon [_thread_blocked, id=31576, stack(0x000000ab57800000,0x000000ab57900000)]
  0x00000248687206b0 JavaThread "C1 CompilerThread0" daemon [_thread_blocked, id=19668, stack(0x000000ab57900000,0x000000ab57a00000)]
  0x0000024868720fa0 JavaThread "Sweeper thread" daemon [_thread_blocked, id=26800, stack(0x000000ab57a00000,0x000000ab57b00000)]
  0x000002486c9bd590 JavaThread "Notification Thread" daemon [_thread_blocked, id=22644, stack(0x000000ab57b00000,0x000000ab57c00000)]
  0x000002486c9c3c70 JavaThread "Common-Cleaner" daemon [_thread_blocked, id=1488, stack(0x000000ab57d00000,0x000000ab57e00000)]
  0x0000024872580230 JavaThread "LWJGL3 Timer" daemon [_thread_blocked, id=22684, stack(0x000000ab58700000,0x000000ab58800000)]

Other Threads:
  0x000002484a182990 VMThread "VM Thread" [stack: 0x000000ab57100000,0x000000ab57200000] [id=27804]
  0x000002486c9bfe70 WatcherThread "VM Periodic Task Thread" [stack: 0x000000ab57c00000,0x000000ab57d00000] [id=18296]
  0x000002484a16a4a0 WorkerThread "GC Thread#0" [stack: 0x000000ab56c00000,0x000000ab56d00000] [id=25768]
  0x000002487271f8f0 WorkerThread "GC Thread#1" [stack: 0x000000ab58800000,0x000000ab58900000] [id=18560]
  0x0000024872723010 WorkerThread "GC Thread#2" [stack: 0x000000ab58900000,0x000000ab58a00000] [id=31548]
  0x0000024872721db0 WorkerThread "GC Thread#3" [stack: 0x000000ab58a00000,0x000000ab58b00000] [id=24124]
  0x00000248727215d0 WorkerThread "GC Thread#4" [stack: 0x000000ab58b00000,0x000000ab58c00000] [id=11288]
  0x0000024872722050 WorkerThread "GC Thread#5" [stack: 0x000000ab58c00000,0x000000ab58d00000] [id=29328]
  0x0000024872720b50 WorkerThread "GC Thread#6" [stack: 0x000000ab58d00000,0x000000ab58e00000] [id=40372]
  0x0000024872721870 WorkerThread "GC Thread#7" [stack: 0x000000ab58e00000,0x000000ab58f00000] [id=6400]
  0x0000024872723550 WorkerThread "GC Thread#8" [stack: 0x000000ab58f00000,0x000000ab59000000] [id=33324]
  0x000002484a17b270 ConcurrentGCThread "G1 Main Marker" [stack: 0x000000ab56d00000,0x000000ab56e00000] [id=7380]
  0x000002484a17c400 WorkerThread "G1 Conc#0" [stack: 0x000000ab56e00000,0x000000ab56f00000] [id=17280]
  0x000002484a1be980 ConcurrentGCThread "G1 Refine#0" [stack: 0x000000ab56f00000,0x000000ab57000000] [id=39816]
  0x000002487271d070 ConcurrentGCThread "G1 Refine#1" [stack: 0x000000ab59000000,0x000000ab59100000] [id=32140]
  0x00000248685a7530 ConcurrentGCThread "G1 Service" [stack: 0x000000ab57000000,0x000000ab57100000] [id=5688]

Threads with active compile tasks:

VM state: not at safepoint (normal execution)

VM Mutex/Monitor currently owned by a thread: None

Heap address: 0x0000000081600000, size: 2026 MB, Compressed Oops mode: 32-bit

CDS archive(s) mapped at: [0x0000000800000000-0x0000000800ba0000-0x0000000800ba0000), size 12189696, SharedBaseAddress: 0x0000000800000000, ArchiveRelocationMode: 0.
Compressed class space mapped at: 0x0000000800c00000-0x0000000840c00000, reserved size: 1073741824
Narrow klass base: 0x0000000800000000, Narrow klass shift: 0, Narrow klass range: 0x100000000

GC Precious Log:
 CardTable entry size: 512
 Card Set container configuration: InlinePtr #cards 5 size 8 Array Of Cards #cards 12 size 40 Howl #buckets 4 coarsen threshold 1843 Howl Bitmap #cards 512 size 80 coarsen threshold 460 Card regions per heap region 1 cards per card region 2048
 CPUs: 12 total, 12 available
 Memory: 8099M
 Large Page Support: Disabled
 NUMA Support: Disabled
 Compressed Oops: Enabled (32-bit)
 Heap Region Size: 1M
 Heap Min Capacity: 8M
 Heap Initial Capacity: 128M
 Heap Max Capacity: 2026M
 Pre-touch: Disabled
 Parallel Workers: 10
 Concurrent Workers: 3
 Concurrent Refinement Workers: 10
 Periodic GC: Disabled

Heap:
 garbage-first heap   total 131072K, used 11557K [0x0000000081600000, 0x0000000100000000)
  region size 1024K, 10 young (10240K), 3 survivors (3072K)
 Metaspace       used 7534K, committed 7680K, reserved 1114112K
  class space    used 570K, committed 640K, reserved 1048576K

Heap Regions: E=young(eden), S=young(survivor), O=old, HS=humongous(starts), HC=humongous(continues), CS=collection set, F=free, OA=open archive, CA=closed archive, TAMS=top-at-mark-start (previous, next)
|   0|0x0000000081600000, 0x0000000081700000, 0x0000000081700000|100%|HS|  |TAMS 0x0000000081600000, 0x0000000081600000| Complete 
|   1|0x0000000081700000, 0x0000000081700000, 0x0000000081800000|  0%| F|  |TAMS 0x0000000081700000, 0x0000000081700000| Untracked 
|   2|0x0000000081800000, 0x0000000081900000, 0x0000000081900000|100%| O|  |TAMS 0x0000000081800000, 0x0000000081800000| Untracked 
|   3|0x0000000081900000, 0x0000000081a00000, 0x0000000081a00000|100%| O|  |TAMS 0x0000000081900000, 0x0000000081900000| Untracked 
|   4|0x0000000081a00000, 0x0000000081a49600, 0x0000000081b00000| 28%| O|  |TAMS 0x0000000081a00000, 0x0000000081a00000| Untracked 
|   5|0x0000000081b00000, 0x0000000081b00000, 0x0000000081c00000|  0%| F|  |TAMS 0x0000000081b00000, 0x0000000081b00000| Untracked 
|   6|0x0000000081c00000, 0x0000000081c00000, 0x0000000081d00000|  0%| F|  |TAMS 0x0000000081c00000, 0x0000000081c00000| Untracked 
|   7|0x0000000081d00000, 0x0000000081d00000, 0x0000000081e00000|  0%| F|  |TAMS 0x0000000081d00000, 0x0000000081d00000| Untracked 
|   8|0x0000000081e00000, 0x0000000081e00000, 0x0000000081f00000|  0%| F|  |TAMS 0x0000000081e00000, 0x0000000081e00000| Untracked 
|   9|0x0000000081f00000, 0x0000000081f00000, 0x0000000082000000|  0%| F|  |TAMS 0x0000000081f00000, 0x0000000081f00000| Untracked 
|  10|0x0000000082000000, 0x0000000082000000, 0x0000000082100000|  0%| F|  |TAMS 0x0000000082000000, 0x0000000082000000| Untracked 
|  11|0x0000000082100000, 0x0000000082100000, 0x0000000082200000|  0%| F|  |TAMS 0x0000000082100000, 0x0000000082100000| Untracked 
|  12|0x0000000082200000, 0x0000000082200000, 0x0000000082300000|  0%| F|  |TAMS 0x0000000082200000, 0x0000000082200000| Untracked 
|  13|0x0000000082300000, 0x0000000082300000, 0x0000000082400000|  0%| F|  |TAMS 0x0000000082300000, 0x0000000082300000| Untracked 
|  14|0x0000000082400000, 0x0000000082400000, 0x0000000082500000|  0%| F|  |TAMS 0x0000000082400000, 0x0000000082400000| Untracked 
|  15|0x0000000082500000, 0x0000000082500000, 0x0000000082600000|  0%| F|  |TAMS 0x0000000082500000, 0x0000000082500000| Untracked 
|  16|0x0000000082600000, 0x0000000082600000, 0x0000000082700000|  0%| F|  |TAMS 0x0000000082600000, 0x0000000082600000| Untracked 
|  17|0x0000000082700000, 0x0000000082700000, 0x0000000082800000|  0%| F|  |TAMS 0x0000000082700000, 0x0000000082700000| Untracked 
|  18|0x0000000082800000, 0x0000000082800000, 0x0000000082900000|  0%| F|  |TAMS 0x0000000082800000, 0x0000000082800000| Untracked 
|  19|0x0000000082900000, 0x0000000082900000, 0x0000000082a00000|  0%| F|  |TAMS 0x0000000082900000, 0x0000000082900000| Untracked 
|  20|0x0000000082a00000, 0x0000000082a00000, 0x0000000082b00000|  0%| F|  |TAMS 0x0000000082a00000, 0x0000000082a00000| Untracked 
|  21|0x0000000082b00000, 0x0000000082b00000, 0x0000000082c00000|  0%| F|  |TAMS 0x0000000082b00000, 0x0000000082b00000| Untracked 
|  22|0x0000000082c00000, 0x0000000082c00000, 0x0000000082d00000|  0%| F|  |TAMS 0x0000000082c00000, 0x0000000082c00000| Untracked 
|  23|0x0000000082d00000, 0x0000000082d00000, 0x0000000082e00000|  0%| F|  |TAMS 0x0000000082d00000, 0x0000000082d00000| Untracked 
|  24|0x0000000082e00000, 0x0000000082e00000, 0x0000000082f00000|  0%| F|  |TAMS 0x0000000082e00000, 0x0000000082e00000| Untracked 
|  25|0x0000000082f00000, 0x0000000082f00000, 0x0000000083000000|  0%| F|  |TAMS 0x0000000082f00000, 0x0000000082f00000| Untracked 
|  26|0x0000000083000000, 0x0000000083000000, 0x0000000083100000|  0%| F|  |TAMS 0x0000000083000000, 0x0000000083000000| Untracked 
|  27|0x0000000083100000, 0x0000000083100000, 0x0000000083200000|  0%| F|  |TAMS 0x0000000083100000, 0x0000000083100000| Untracked 
|  28|0x0000000083200000, 0x0000000083200000, 0x0000000083300000|  0%| F|  |TAMS 0x0000000083200000, 0x0000000083200000| Untracked 
|  29|0x0000000083300000, 0x0000000083300000, 0x0000000083400000|  0%| F|  |TAMS 0x0000000083300000, 0x0000000083300000| Untracked 
|  30|0x0000000083400000, 0x0000000083400000, 0x0000000083500000|  0%| F|  |TAMS 0x0000000083400000, 0x0000000083400000| Untracked 
|  31|0x0000000083500000, 0x0000000083500000, 0x0000000083600000|  0%| F|  |TAMS 0x0000000083500000, 0x0000000083500000| Untracked 
|  32|0x0000000083600000, 0x0000000083600000, 0x0000000083700000|  0%| F|  |TAMS 0x0000000083600000, 0x0000000083600000| Untracked 
|  33|0x0000000083700000, 0x0000000083700000, 0x0000000083800000|  0%| F|  |TAMS 0x0000000083700000, 0x0000000083700000| Untracked 
|  34|0x0000000083800000, 0x0000000083800000, 0x0000000083900000|  0%| F|  |TAMS 0x0000000083800000, 0x0000000083800000| Untracked 
|  35|0x0000000083900000, 0x0000000083900000, 0x0000000083a00000|  0%| F|  |TAMS 0x0000000083900000, 0x0000000083900000| Untracked 
|  36|0x0000000083a00000, 0x0000000083a00000, 0x0000000083b00000|  0%| F|  |TAMS 0x0000000083a00000, 0x0000000083a00000| Untracked 
|  37|0x0000000083b00000, 0x0000000083b00000, 0x0000000083c00000|  0%| F|  |TAMS 0x0000000083b00000, 0x0000000083b00000| Untracked 
|  38|0x0000000083c00000, 0x0000000083c00000, 0x0000000083d00000|  0%| F|  |TAMS 0x0000000083c00000, 0x0000000083c00000| Untracked 
|  39|0x0000000083d00000, 0x0000000083d00000, 0x0000000083e00000|  0%| F|  |TAMS 0x0000000083d00000, 0x0000000083d00000| Untracked 
|  40|0x0000000083e00000, 0x0000000083e00000, 0x0000000083f00000|  0%| F|  |TAMS 0x0000000083e00000, 0x0000000083e00000| Untracked 
|  41|0x0000000083f00000, 0x0000000083f00000, 0x0000000084000000|  0%| F|  |TAMS 0x0000000083f00000, 0x0000000083f00000| Untracked 
|  42|0x0000000084000000, 0x0000000084000000, 0x0000000084100000|  0%| F|  |TAMS 0x0000000084000000, 0x0000000084000000| Untracked 
|  43|0x0000000084100000, 0x0000000084100000, 0x0000000084200000|  0%| F|  |TAMS 0x0000000084100000, 0x0000000084100000| Untracked 
|  44|0x0000000084200000, 0x0000000084200000, 0x0000000084300000|  0%| F|  |TAMS 0x0000000084200000, 0x0000000084200000| Untracked 
|  45|0x0000000084300000, 0x0000000084300000, 0x0000000084400000|  0%| F|  |TAMS 0x0000000084300000, 0x0000000084300000| Untracked 
|  46|0x0000000084400000, 0x0000000084400000, 0x0000000084500000|  0%| F|  |TAMS 0x0000000084400000, 0x0000000084400000| Untracked 
|  47|0x0000000084500000, 0x0000000084500000, 0x0000000084600000|  0%| F|  |TAMS 0x0000000084500000, 0x0000000084500000| Untracked 
|  48|0x0000000084600000, 0x0000000084600000, 0x0000000084700000|  0%| F|  |TAMS 0x0000000084600000, 0x0000000084600000| Untracked 
|  49|0x0000000084700000, 0x0000000084700000, 0x0000000084800000|  0%| F|  |TAMS 0x0000000084700000, 0x0000000084700000| Untracked 
|  50|0x0000000084800000, 0x0000000084800000, 0x0000000084900000|  0%| F|  |TAMS 0x0000000084800000, 0x0000000084800000| Untracked 
|  51|0x0000000084900000, 0x0000000084900000, 0x0000000084a00000|  0%| F|  |TAMS 0x0000000084900000, 0x0000000084900000| Untracked 
|  52|0x0000000084a00000, 0x0000000084a00000, 0x0000000084b00000|  0%| F|  |TAMS 0x0000000084a00000, 0x0000000084a00000| Untracked 
|  53|0x0000000084b00000, 0x0000000084b00000, 0x0000000084c00000|  0%| F|  |TAMS 0x0000000084b00000, 0x0000000084b00000| Untracked 
|  54|0x0000000084c00000, 0x0000000084c00000, 0x0000000084d00000|  0%| F|  |TAMS 0x0000000084c00000, 0x0000000084c00000| Untracked 
|  55|0x0000000084d00000, 0x0000000084d00000, 0x0000000084e00000|  0%| F|  |TAMS 0x0000000084d00000, 0x0000000084d00000| Untracked 
|  56|0x0000000084e00000, 0x0000000084e00000, 0x0000000084f00000|  0%| F|  |TAMS 0x0000000084e00000, 0x0000000084e00000| Untracked 
|  57|0x0000000084f00000, 0x0000000084f00000, 0x0000000085000000|  0%| F|  |TAMS 0x0000000084f00000, 0x0000000084f00000| Untracked 
|  58|0x0000000085000000, 0x0000000085000000, 0x0000000085100000|  0%| F|  |TAMS 0x0000000085000000, 0x0000000085000000| Untracked 
|  59|0x0000000085100000, 0x0000000085100000, 0x0000000085200000|  0%| F|  |TAMS 0x0000000085100000, 0x0000000085100000| Untracked 
|  60|0x0000000085200000, 0x0000000085200000, 0x0000000085300000|  0%| F|  |TAMS 0x0000000085200000, 0x0000000085200000| Untracked 
|  61|0x0000000085300000, 0x0000000085300000, 0x0000000085400000|  0%| F|  |TAMS 0x0000000085300000, 0x0000000085300000| Untracked 
|  62|0x0000000085400000, 0x0000000085400000, 0x0000000085500000|  0%| F|  |TAMS 0x0000000085400000, 0x0000000085400000| Untracked 
|  63|0x0000000085500000, 0x0000000085500000, 0x0000000085600000|  0%| F|  |TAMS 0x0000000085500000, 0x0000000085500000| Untracked 
|  64|0x0000000085600000, 0x0000000085600000, 0x0000000085700000|  0%| F|  |TAMS 0x0000000085600000, 0x0000000085600000| Untracked 
|  65|0x0000000085700000, 0x0000000085700000, 0x0000000085800000|  0%| F|  |TAMS 0x0000000085700000, 0x0000000085700000| Untracked 
|  66|0x0000000085800000, 0x0000000085800000, 0x0000000085900000|  0%| F|  |TAMS 0x0000000085800000, 0x0000000085800000| Untracked 
|  67|0x0000000085900000, 0x0000000085900000, 0x0000000085a00000|  0%| F|  |TAMS 0x0000000085900000, 0x0000000085900000| Untracked 
|  68|0x0000000085a00000, 0x0000000085a00000, 0x0000000085b00000|  0%| F|  |TAMS 0x0000000085a00000, 0x0000000085a00000| Untracked 
|  69|0x0000000085b00000, 0x0000000085b00000, 0x0000000085c00000|  0%| F|  |TAMS 0x0000000085b00000, 0x0000000085b00000| Untracked 
|  70|0x0000000085c00000, 0x0000000085c00000, 0x0000000085d00000|  0%| F|  |TAMS 0x0000000085c00000, 0x0000000085c00000| Untracked 
|  71|0x0000000085d00000, 0x0000000085d00000, 0x0000000085e00000|  0%| F|  |TAMS 0x0000000085d00000, 0x0000000085d00000| Untracked 
|  72|0x0000000085e00000, 0x0000000085e00000, 0x0000000085f00000|  0%| F|  |TAMS 0x0000000085e00000, 0x0000000085e00000| Untracked 
|  73|0x0000000085f00000, 0x0000000085f00000, 0x0000000086000000|  0%| F|  |TAMS 0x0000000085f00000, 0x0000000085f00000| Untracked 
|  74|0x0000000086000000, 0x0000000086000000, 0x0000000086100000|  0%| F|  |TAMS 0x0000000086000000, 0x0000000086000000| Untracked 
|  75|0x0000000086100000, 0x0000000086100000, 0x0000000086200000|  0%| F|  |TAMS 0x0000000086100000, 0x0000000086100000| Untracked 
|  76|0x0000000086200000, 0x0000000086200000, 0x0000000086300000|  0%| F|  |TAMS 0x0000000086200000, 0x0000000086200000| Untracked 
|  77|0x0000000086300000, 0x0000000086300000, 0x0000000086400000|  0%| F|  |TAMS 0x0000000086300000, 0x0000000086300000| Untracked 
|  78|0x0000000086400000, 0x0000000086400000, 0x0000000086500000|  0%| F|  |TAMS 0x0000000086400000, 0x0000000086400000| Untracked 
|  79|0x0000000086500000, 0x0000000086500000, 0x0000000086600000|  0%| F|  |TAMS 0x0000000086500000, 0x0000000086500000| Untracked 
|  80|0x0000000086600000, 0x0000000086600000, 0x0000000086700000|  0%| F|  |TAMS 0x0000000086600000, 0x0000000086600000| Untracked 
|  81|0x0000000086700000, 0x0000000086700000, 0x0000000086800000|  0%| F|  |TAMS 0x0000000086700000, 0x0000000086700000| Untracked 
|  82|0x0000000086800000, 0x0000000086800000, 0x0000000086900000|  0%| F|  |TAMS 0x0000000086800000, 0x0000000086800000| Untracked 
|  83|0x0000000086900000, 0x0000000086900000, 0x0000000086a00000|  0%| F|  |TAMS 0x0000000086900000, 0x0000000086900000| Untracked 
|  84|0x0000000086a00000, 0x0000000086a00000, 0x0000000086b00000|  0%| F|  |TAMS 0x0000000086a00000, 0x0000000086a00000| Untracked 
|  85|0x0000000086b00000, 0x0000000086b00000, 0x0000000086c00000|  0%| F|  |TAMS 0x0000000086b00000, 0x0000000086b00000| Untracked 
|  86|0x0000000086c00000, 0x0000000086c00000, 0x0000000086d00000|  0%| F|  |TAMS 0x0000000086c00000, 0x0000000086c00000| Untracked 
|  87|0x0000000086d00000, 0x0000000086d00000, 0x0000000086e00000|  0%| F|  |TAMS 0x0000000086d00000, 0x0000000086d00000| Untracked 
|  88|0x0000000086e00000, 0x0000000086e00000, 0x0000000086f00000|  0%| F|  |TAMS 0x0000000086e00000, 0x0000000086e00000| Untracked 
|  89|0x0000000086f00000, 0x0000000086f00000, 0x0000000087000000|  0%| F|  |TAMS 0x0000000086f00000, 0x0000000086f00000| Untracked 
|  90|0x0000000087000000, 0x0000000087000000, 0x0000000087100000|  0%| F|  |TAMS 0x0000000087000000, 0x0000000087000000| Untracked 
|  91|0x0000000087100000, 0x0000000087100000, 0x0000000087200000|  0%| F|  |TAMS 0x0000000087100000, 0x0000000087100000| Untracked 
|  92|0x0000000087200000, 0x0000000087200000, 0x0000000087300000|  0%| F|  |TAMS 0x0000000087200000, 0x0000000087200000| Untracked 
|  93|0x0000000087300000, 0x0000000087300000, 0x0000000087400000|  0%| F|  |TAMS 0x0000000087300000, 0x0000000087300000| Untracked 
|  94|0x0000000087400000, 0x0000000087400000, 0x0000000087500000|  0%| F|  |TAMS 0x0000000087400000, 0x0000000087400000| Untracked 
|  95|0x0000000087500000, 0x0000000087500000, 0x0000000087600000|  0%| F|  |TAMS 0x0000000087500000, 0x0000000087500000| Untracked 
|  96|0x0000000087600000, 0x0000000087600000, 0x0000000087700000|  0%| F|  |TAMS 0x0000000087600000, 0x0000000087600000| Untracked 
|  97|0x0000000087700000, 0x0000000087700000, 0x0000000087800000|  0%| F|  |TAMS 0x0000000087700000, 0x0000000087700000| Untracked 
|  98|0x0000000087800000, 0x0000000087800000, 0x0000000087900000|  0%| F|  |TAMS 0x0000000087800000, 0x0000000087800000| Untracked 
|  99|0x0000000087900000, 0x0000000087900000, 0x0000000087a00000|  0%| F|  |TAMS 0x0000000087900000, 0x0000000087900000| Untracked 
| 100|0x0000000087a00000, 0x0000000087a00000, 0x0000000087b00000|  0%| F|  |TAMS 0x0000000087a00000, 0x0000000087a00000| Untracked 
| 101|0x0000000087b00000, 0x0000000087b00000, 0x0000000087c00000|  0%| F|  |TAMS 0x0000000087b00000, 0x0000000087b00000| Untracked 
| 102|0x0000000087c00000, 0x0000000087d00000, 0x0000000087d00000|100%| S|CS|TAMS 0x0000000087c00000, 0x0000000087c00000| Complete 
| 103|0x0000000087d00000, 0x0000000087e00000, 0x0000000087e00000|100%| S|CS|TAMS 0x0000000087d00000, 0x0000000087d00000| Complete 
| 104|0x0000000087e00000, 0x0000000087f00000, 0x0000000087f00000|100%| S|CS|TAMS 0x0000000087e00000, 0x0000000087e00000| Complete 
| 105|0x0000000087f00000, 0x0000000087f00000, 0x0000000088000000|  0%| F|  |TAMS 0x0000000087f00000, 0x0000000087f00000| Untracked 
| 106|0x0000000088000000, 0x0000000088000000, 0x0000000088100000|  0%| F|  |TAMS 0x0000000088000000, 0x0000000088000000| Untracked 
| 107|0x0000000088100000, 0x0000000088100000, 0x0000000088200000|  0%| F|  |TAMS 0x0000000088100000, 0x0000000088100000| Untracked 
| 108|0x0000000088200000, 0x0000000088200000, 0x0000000088300000|  0%| F|  |TAMS 0x0000000088200000, 0x0000000088200000| Untracked 
| 109|0x0000000088300000, 0x0000000088300000, 0x0000000088400000|  0%| F|  |TAMS 0x0000000088300000, 0x0000000088300000| Untracked 
| 110|0x0000000088400000, 0x0000000088400000, 0x0000000088500000|  0%| F|  |TAMS 0x0000000088400000, 0x0000000088400000| Untracked 
| 111|0x0000000088500000, 0x0000000088500000, 0x0000000088600000|  0%| F|  |TAMS 0x0000000088500000, 0x0000000088500000| Untracked 
| 112|0x0000000088600000, 0x0000000088600000, 0x0000000088700000|  0%| F|  |TAMS 0x0000000088600000, 0x0000000088600000| Untracked 
| 113|0x0000000088700000, 0x0000000088700000, 0x0000000088800000|  0%| F|  |TAMS 0x0000000088700000, 0x0000000088700000| Untracked 
| 114|0x0000000088800000, 0x0000000088800000, 0x0000000088900000|  0%| F|  |TAMS 0x0000000088800000, 0x0000000088800000| Untracked 
| 115|0x0000000088900000, 0x0000000088900000, 0x0000000088a00000|  0%| F|  |TAMS 0x0000000088900000, 0x0000000088900000| Untracked 
| 116|0x0000000088a00000, 0x0000000088a00000, 0x0000000088b00000|  0%| F|  |TAMS 0x0000000088a00000, 0x0000000088a00000| Untracked 
| 117|0x0000000088b00000, 0x0000000088b00000, 0x0000000088c00000|  0%| F|  |TAMS 0x0000000088b00000, 0x0000000088b00000| Untracked 
| 118|0x0000000088c00000, 0x0000000088c00000, 0x0000000088d00000|  0%| F|  |TAMS 0x0000000088c00000, 0x0000000088c00000| Untracked 
| 119|0x0000000088d00000, 0x0000000088d00000, 0x0000000088e00000|  0%| F|  |TAMS 0x0000000088d00000, 0x0000000088d00000| Untracked 
| 120|0x0000000088e00000, 0x0000000088e00000, 0x0000000088f00000|  0%| F|  |TAMS 0x0000000088e00000, 0x0000000088e00000| Untracked 
| 121|0x0000000088f00000, 0x0000000089000000, 0x0000000089000000|100%| E|  |TAMS 0x0000000088f00000, 0x0000000088f00000| Complete 
| 122|0x0000000089000000, 0x0000000089100000, 0x0000000089100000|100%| E|CS|TAMS 0x0000000089000000, 0x0000000089000000| Complete 
| 123|0x0000000089100000, 0x0000000089200000, 0x0000000089200000|100%| E|CS|TAMS 0x0000000089100000, 0x0000000089100000| Complete 
| 124|0x0000000089200000, 0x0000000089300000, 0x0000000089300000|100%| E|  |TAMS 0x0000000089200000, 0x0000000089200000| Complete 
| 125|0x0000000089300000, 0x0000000089400000, 0x0000000089400000|100%| E|CS|TAMS 0x0000000089300000, 0x0000000089300000| Complete 
| 126|0x0000000089400000, 0x0000000089500000, 0x0000000089500000|100%| E|CS|TAMS 0x0000000089400000, 0x0000000089400000| Complete 
| 127|0x0000000089500000, 0x0000000089600000, 0x0000000089600000|100%| E|CS|TAMS 0x0000000089500000, 0x0000000089500000| Complete 

Card table byte_map: [0x0000024861380000,0x0000024861780000] _byte_map_base: 0x0000024860f75000

Marking Bits (Prev, Next): (CMBitMap*) 0x000002484a16aaa0, (CMBitMap*) 0x000002484a16aae0
 Prev Bits: [0x0000024861b80000, 0x0000024863b28000)
 Next Bits: [0x0000024863b30000, 0x0000024865ad8000)

Polling page: 0x00000248480f0000

Metaspace:

Usage:
  Non-class:      6.80 MB used.
      Class:    570.34 KB used.
       Both:      7.36 MB used.

Virtual space:
  Non-class space:       64.00 MB reserved,       6.88 MB ( 11%) committed,  1 nodes.
      Class space:        1.00 GB reserved,     640.00 KB ( <1%) committed,  1 nodes.
             Both:        1.06 GB reserved,       7.50 MB ( <1%) committed. 

Chunk freelists:
   Non-Class:  3.00 MB
       Class:  3.31 MB
        Both:  6.31 MB

MaxMetaspaceSize: unlimited
CompressedClassSpaceSize: 1.00 GB
Initial GC threshold: 21.00 MB
Current GC threshold: 21.00 MB
CDS: on
MetaspaceReclaimPolicy: balanced
 - commit_granule_bytes: 65536.
 - commit_granule_words: 8192.
 - virtual_space_node_default_size: 8388608.
 - enlarge_chunks_in_place: 1.
 - new_chunks_are_fully_committed: 0.
 - uncommit_free_chunks: 1.
 - use_allocation_guard: 0.


Internal statistics:

num_allocs_failed_limit: 0.
num_arena_births: 94.
num_arena_deaths: 0.
num_vsnodes_births: 2.
num_vsnodes_deaths: 0.
num_space_committed: 118.
num_space_uncommitted: 0.
num_chunks_returned_to_freelist: 0.
num_chunks_taken_from_freelist: 317.
num_chunk_merges: 0.
num_chunk_splits: 223.
num_chunks_enlarged: 179.
num_inconsistent_stats: 0.

CodeHeap 'non-profiled nmethods': size=120000Kb used=722Kb max_used=722Kb free=119277Kb
 bounds [0x0000024859500000, 0x0000024859770000, 0x0000024860a30000]
CodeHeap 'profiled nmethods': size=120000Kb used=2987Kb max_used=2987Kb free=117012Kb
 bounds [0x0000024851fd0000, 0x00000248522c0000, 0x0000024859500000]
CodeHeap 'non-nmethods': size=5760Kb used=1618Kb max_used=1647Kb free=4141Kb
 bounds [0x0000024851a30000, 0x0000024851ca0000, 0x0000024851fd0000]
 total_blobs=2634 nmethods=1593 adapters=954
 compilation: enabled
              stopped_count=0, restarted_count=0
 full_count=0

Compilation events (20 events):
Event: 18.897 Thread 0x00000248687206b0 1586       3       com.badlogic.gdx.scenes.scene2d.InputEvent::reset (15 bytes)
Event: 18.897 Thread 0x00000248687206b0 nmethod 1586 0x00000248522b3f90 code [0x00000248522b4140, 0x00000248522b42c8]
Event: 19.231 Thread 0x00000248687206b0 1587       3       com.badlogic.gdx.scenes.scene2d.Stage::isInsideViewport (82 bytes)
Event: 19.231 Thread 0x00000248687206b0 nmethod 1587 0x00000248522b4390 code [0x00000248522b4560, 0x00000248522b4b38]
Event: 19.231 Thread 0x00000248687206b0 1588   !   3       com.badlogic.gdx.scenes.scene2d.Actor::fire (294 bytes)
Event: 19.232 Thread 0x00000248687206b0 nmethod 1588 0x00000248522b4d10 code [0x00000248522b50c0, 0x00000248522b72f8]
Event: 19.247 Thread 0x00000248687206b0 1589       3       com.badlogic.gdx.scenes.scene2d.Stage::mouseMoved (132 bytes)
Event: 19.247 Thread 0x00000248687206b0 nmethod 1589 0x00000248522b7d10 code [0x00000248522b7f80, 0x00000248522b8c38]
Event: 19.247 Thread 0x00000248687206b0 1590       3       com.badlogic.gdx.scenes.scene2d.Group::computeTransform (126 bytes)
Event: 19.247 Thread 0x00000248687206b0 nmethod 1590 0x00000248522b9010 code [0x00000248522b9200, 0x00000248522b9698]
Event: 19.313 Thread 0x0000024868716da0 1591       4       com.badlogic.gdx.math.Matrix4::det (444 bytes)
Event: 19.316 Thread 0x0000024868716da0 nmethod 1591 0x00000248595b3c90 code [0x00000248595b3e00, 0x00000248595b4078]
Event: 19.463 Thread 0x00000248687206b0 1592       1       com.badlogic.gdx.scenes.scene2d.InputEvent::getType (5 bytes)
Event: 19.463 Thread 0x00000248687206b0 nmethod 1592 0x00000248595b4110 code [0x00000248595b42a0, 0x00000248595b4378]
Event: 19.797 Thread 0x00000248687206b0 1593       3       com.badlogic.drop.Scenes.MyFrame::render (87 bytes)
Event: 19.797 Thread 0x00000248687206b0 nmethod 1593 0x00000248522b9890 code [0x00000248522b9b20, 0x00000248522ba158]
Event: 19.830 Thread 0x00000248687206b0 1594       3       com.badlogic.gdx.scenes.scene2d.Actor::stageToLocalCoordinates (24 bytes)
Event: 19.830 Thread 0x00000248687206b0 nmethod 1594 0x00000248522ba590 code [0x00000248522ba760, 0x00000248522bac28]
Event: 20.463 Thread 0x0000024868716da0 1595       4       com.badlogic.gdx.scenes.scene2d.Actor::parentToLocalCoordinates (228 bytes)
Event: 20.464 Thread 0x0000024868716da0 nmethod 1595 0x00000248595b4410 code [0x00000248595b45c0, 0x00000248595b47b8]

GC Heap History (2 events):
Event: 2.570 GC heap before
{Heap before GC invocations=0 (full 0):
 garbage-first heap   total 131072K, used 24576K [0x0000000081600000, 0x0000000100000000)
  region size 1024K, 23 young (23552K), 0 survivors (0K)
 Metaspace       used 6744K, committed 6912K, reserved 1114112K
  class space    used 518K, committed 576K, reserved 1048576K
}
Event: 2.581 GC heap after
{Heap after GC invocations=1 (full 0):
 garbage-first heap   total 131072K, used 5413K [0x0000000081600000, 0x0000000100000000)
  region size 1024K, 3 young (3072K), 3 survivors (3072K)
 Metaspace       used 6744K, committed 6912K, reserved 1114112K
  class space    used 518K, committed 576K, reserved 1048576K
}

Deoptimization events (20 events):
Event: 15.554 Thread 0x000002484a109530 Uncommon trap: trap_request=0xffffffde fr.pc=0x000002485955cfe0 relative=0x0000000000000280
Event: 15.554 Thread 0x000002484a109530 Uncommon trap: reason=class_check action=maybe_recompile pc=0x000002485955cfe0 method=com.badlogic.gdx.graphics.g2d.TextureRegion.setRegion(IIII)V @ 50 c2
Event: 15.554 Thread 0x000002484a109530 DEOPT PACKING pc=0x000002485955cfe0 sp=0x000000ab56bfe850
Event: 15.554 Thread 0x000002484a109530 DEOPT UNPACKING pc=0x0000024851a823a3 sp=0x000000ab56bfe7f0 mode 2
Event: 15.554 Thread 0x000002484a109530 Uncommon trap: trap_request=0xffffffde fr.pc=0x000002485955cfe0 relative=0x0000000000000280
Event: 15.554 Thread 0x000002484a109530 Uncommon trap: reason=class_check action=maybe_recompile pc=0x000002485955cfe0 method=com.badlogic.gdx.graphics.g2d.TextureRegion.setRegion(IIII)V @ 50 c2
Event: 15.554 Thread 0x000002484a109530 DEOPT PACKING pc=0x000002485955cfe0 sp=0x000000ab56bfe850
Event: 15.554 Thread 0x000002484a109530 DEOPT UNPACKING pc=0x0000024851a823a3 sp=0x000000ab56bfe7f0 mode 2
Event: 15.554 Thread 0x000002484a109530 Uncommon trap: trap_request=0xffffff45 fr.pc=0x000002485955b27c relative=0x00000000000001dc
Event: 15.554 Thread 0x000002484a109530 Uncommon trap: reason=unstable_if action=reinterpret pc=0x000002485955b27c method=com.badlogic.gdx.graphics.g2d.TextureRegion.setRegion(FFFF)V @ 58 c2
Event: 15.554 Thread 0x000002484a109530 DEOPT PACKING pc=0x000002485955b27c sp=0x000000ab56bfe7d0
Event: 15.554 Thread 0x000002484a109530 DEOPT UNPACKING pc=0x0000024851a823a3 sp=0x000000ab56bfe768 mode 2
Event: 15.561 Thread 0x000002484a109530 Uncommon trap: trap_request=0xffffff45 fr.pc=0x000002485955c0d4 relative=0x0000000000000554
Event: 15.561 Thread 0x000002484a109530 Uncommon trap: reason=unstable_if action=reinterpret pc=0x000002485955c0d4 method=com.badlogic.gdx.graphics.g2d.TextureRegion.setRegion(FFFF)V @ 58 c2
Event: 15.561 Thread 0x000002484a109530 DEOPT PACKING pc=0x000002485955c0d4 sp=0x000000ab56bfe250
Event: 15.561 Thread 0x000002484a109530 DEOPT UNPACKING pc=0x0000024851a823a3 sp=0x000000ab56bfe080 mode 2
Event: 15.561 Thread 0x000002484a109530 Uncommon trap: trap_request=0xffffff45 fr.pc=0x000002485955e0d4 relative=0x0000000000000554
Event: 15.561 Thread 0x000002484a109530 Uncommon trap: reason=unstable_if action=reinterpret pc=0x000002485955e0d4 method=com.badlogic.gdx.graphics.g2d.TextureRegion.setRegion(FFFF)V @ 58 c2
Event: 15.561 Thread 0x000002484a109530 DEOPT PACKING pc=0x000002485955e0d4 sp=0x000000ab56bfe1c0
Event: 15.561 Thread 0x000002484a109530 DEOPT UNPACKING pc=0x0000024851a823a3 sp=0x000000ab56bfe078 mode 2

Classes loaded (20 events):
Event: 2.664 Loading class java/io/ObjectStreamClass$Caches$2
Event: 2.664 Loading class java/io/ObjectStreamClass$Caches$2 done
Event: 2.664 Loading class java/lang/reflect/Proxy
Event: 2.665 Loading class java/lang/reflect/Proxy done
Event: 2.665 Loading class java/lang/reflect/InvocationHandler
Event: 2.665 Loading class java/lang/reflect/InvocationHandler done
Event: 2.665 Loading class java/lang/reflect/Proxy$1
Event: 2.665 Loading class java/lang/reflect/Proxy$1 done
Event: 2.665 Loading class java/io/Externalizable
Event: 2.665 Loading class java/io/Externalizable done
Event: 2.665 Loading class java/io/ObjectStreamClass$2
Event: 2.665 Loading class java/io/ObjectStreamClass$2 done
Event: 2.666 Loading class java/io/ClassCache$CacheRef
Event: 2.666 Loading class java/io/ClassCache$CacheRef done
Event: 2.666 Loading class java/io/ObjectStreamClass$FieldReflectorKey
Event: 2.666 Loading class java/io/ObjectStreamClass$FieldReflectorKey done
Event: 2.666 Loading class java/io/ObjectStreamClass$FieldReflector
Event: 2.666 Loading class java/io/ObjectStreamClass$FieldReflector done
Event: 2.666 Loading class java/io/ObjectStreamClass$ExceptionInfo
Event: 2.666 Loading class java/io/ObjectStreamClass$ExceptionInfo done

Classes unloaded (0 events):
No events

Classes redefined (0 events):
No events

Internal exceptions (20 events):
Event: 0.265 Thread 0x000002484a109530 Exception <a 'java/lang/NoSuchMethodError'{0x00000000890ae440}: 'java.lang.Object java.lang.invoke.DirectMethodHandle$Holder.newInvokeSpecial(java.lang.Object, java.lang.Object, int)'> (0x00000000890ae440) 
thrown [s\open\src\hotspot\share\interpreter\linkResolver.cpp, line 759]
Event: 0.266 Thread 0x000002484a109530 Exception <a 'java/lang/NoSuchMethodError'{0x00000000890bff40}: 'int java.lang.invoke.DirectMethodHandle$Holder.invokeStaticInit(java.lang.Object, java.lang.Object, long, long)'> (0x00000000890bff40) 
thrown [s\open\src\hotspot\share\interpreter\linkResolver.cpp, line 759]
Event: 0.267 Thread 0x000002484a109530 Exception <a 'java/lang/NoSuchMethodError'{0x00000000890c6050}: 'java.lang.Object java.lang.invoke.DirectMethodHandle$Holder.newInvokeSpecial(java.lang.Object, java.lang.Object, long)'> (0x00000000890c6050) 
thrown [s\open\src\hotspot\share\interpreter\linkResolver.cpp, line 759]
Event: 0.267 Thread 0x000002484a109530 Exception <a 'java/lang/NoSuchMethodError'{0x00000000890ca0a8}: 'java.lang.Object java.lang.invoke.Invokers$Holder.linkToTargetMethod(java.lang.Object, long, java.lang.Object)'> (0x00000000890ca0a8) 
thrown [s\open\src\hotspot\share\interpreter\linkResolver.cpp, line 759]
Event: 0.268 Thread 0x000002484a109530 Exception <a 'java/lang/NoSuchMethodError'{0x00000000890d1650}: 'int java.lang.invoke.DirectMethodHandle$Holder.invokeStaticInit(java.lang.Object, java.lang.Object, java.lang.Object, long)'> (0x00000000890d1650) 
thrown [s\open\src\hotspot\share\interpreter\linkResolver.cpp, line 759]
Event: 0.280 Thread 0x000002484a109530 Exception <a 'sun/nio/fs/WindowsException'{0x0000000088f5e260}> (0x0000000088f5e260) 
thrown [s\open\src\hotspot\share\prims\jni.cpp, line 516]
Event: 0.280 Thread 0x000002484a109530 Exception <a 'sun/nio/fs/WindowsException'{0x0000000088f5e620}> (0x0000000088f5e620) 
thrown [s\open\src\hotspot\share\prims\jni.cpp, line 516]
Event: 0.297 Thread 0x000002484a109530 Exception <a 'sun/nio/fs/WindowsException'{0x0000000088e08158}> (0x0000000088e08158) 
thrown [s\open\src\hotspot\share\prims\jni.cpp, line 516]
Event: 0.297 Thread 0x000002484a109530 Exception <a 'sun/nio/fs/WindowsException'{0x0000000088e084e8}> (0x0000000088e084e8) 
thrown [s\open\src\hotspot\share\prims\jni.cpp, line 516]
Event: 0.300 Thread 0x000002484a109530 Exception <a 'java/lang/NoSuchMethodError'{0x0000000088e0d788}: 'int java.lang.invoke.Invokers$Holder.invokeExact_MT(java.lang.Object, java.lang.Object)'> (0x0000000088e0d788) 
thrown [s\open\src\hotspot\share\interpreter\linkResolver.cpp, line 759]
Event: 0.331 Thread 0x000002484a109530 Exception <a 'sun/nio/fs/WindowsException'{0x0000000088e9bfe8}> (0x0000000088e9bfe8) 
thrown [s\open\src\hotspot\share\prims\jni.cpp, line 516]
Event: 0.331 Thread 0x000002484a109530 Exception <a 'sun/nio/fs/WindowsException'{0x0000000088e9c390}> (0x0000000088e9c390) 
thrown [s\open\src\hotspot\share\prims\jni.cpp, line 516]
Event: 0.416 Thread 0x000002484a109530 Exception <a 'java/lang/NoSuchMethodError'{0x0000000088ed99a8}: 'java.lang.Object java.lang.invoke.DirectMethodHandle$Holder.newInvokeSpecial(java.lang.Object, long)'> (0x0000000088ed99a8) 
thrown [s\open\src\hotspot\share\interpreter\linkResolver.cpp, line 759]
Event: 0.582 Thread 0x000002484a109530 Exception <a 'java/lang/NoSuchMethodError'{0x0000000088dd14d0}: 'void java.lang.System.load(java.lang.String, java.lang.Class)'> (0x0000000088dd14d0) 
thrown [s\open\src\hotspot\share\interpreter\linkResolver.cpp, line 759]
Event: 0.582 Thread 0x000002484a109530 Exception <a 'java/lang/NoSuchMethodError'{0x0000000088dd4360}: 'void java.lang.System.loadLibrary(java.lang.String, java.lang.Class)'> (0x0000000088dd4360) 
thrown [s\open\src\hotspot\share\interpreter\linkResolver.cpp, line 759]
Event: 0.586 Thread 0x000002484a109530 Exception <a 'sun/nio/fs/WindowsException'{0x0000000088de60a0}> (0x0000000088de60a0) 
thrown [s\open\src\hotspot\share\prims\jni.cpp, line 516]
Event: 0.587 Thread 0x000002484a109530 Exception <a 'sun/nio/fs/WindowsException'{0x0000000088de6460}> (0x0000000088de6460) 
thrown [s\open\src\hotspot\share\prims\jni.cpp, line 516]
Event: 0.591 Thread 0x000002484a109530 Exception <a 'sun/nio/fs/WindowsException'{0x0000000088df2168}> (0x0000000088df2168) 
thrown [s\open\src\hotspot\share\prims\jni.cpp, line 516]
Event: 0.591 Thread 0x000002484a109530 Exception <a 'sun/nio/fs/WindowsException'{0x0000000088df2468}> (0x0000000088df2468) 
thrown [s\open\src\hotspot\share\prims\jni.cpp, line 516]
Event: 0.939 Thread 0x000002484a109530 Exception <a 'java/lang/NoSuchMethodError'{0x000000008845c468}: 'void java.lang.invoke.Invokers$Holder.invokeExact_MT(java.lang.Object, java.lang.Object, java.lang.Object, java.lang.Object)'> (0x000000008845c468) 
thrown [s\open\src\hotspot\share\interpreter\linkResolver.cpp, line 759]

VM Operations (20 events):
Event: 4.580 Executing VM operation: Cleanup
Event: 4.581 Executing VM operation: Cleanup done
Event: 5.581 Executing VM operation: Cleanup
Event: 5.581 Executing VM operation: Cleanup done
Event: 7.583 Executing VM operation: Cleanup
Event: 7.583 Executing VM operation: Cleanup done
Event: 9.585 Executing VM operation: Cleanup
Event: 9.585 Executing VM operation: Cleanup done
Event: 12.587 Executing VM operation: Cleanup
Event: 12.587 Executing VM operation: Cleanup done
Event: 14.588 Executing VM operation: Cleanup
Event: 14.588 Executing VM operation: Cleanup done
Event: 16.588 Executing VM operation: Cleanup
Event: 16.588 Executing VM operation: Cleanup done
Event: 17.589 Executing VM operation: Cleanup
Event: 17.589 Executing VM operation: Cleanup done
Event: 18.589 Executing VM operation: Cleanup
Event: 18.590 Executing VM operation: Cleanup done
Event: 19.590 Executing VM operation: Cleanup
Event: 19.590 Executing VM operation: Cleanup done

Events (20 events):
Event: 0.043 Thread 0x0000024868711890 Thread added: 0x0000024868711890
Event: 0.043 Thread 0x0000024868712230 Thread added: 0x0000024868712230
Event: 0.043 Thread 0x0000024868712bd0 Thread added: 0x0000024868712bd0
Event: 0.043 Thread 0x0000024868716da0 Thread added: 0x0000024868716da0
Event: 0.043 Thread 0x00000248687206b0 Thread added: 0x00000248687206b0
Event: 0.043 Thread 0x0000024868720fa0 Thread added: 0x0000024868720fa0
Event: 0.101 Thread 0x000002486c9bd590 Thread added: 0x000002486c9bd590
Event: 0.104 Thread 0x000002486c9c3c70 Thread added: 0x000002486c9c3c70
Event: 0.112 Loaded shared library C:\Program Files\Java\jdk-18.0.2.1\bin\net.dll
Event: 0.114 Loaded shared library C:\Program Files\Java\jdk-18.0.2.1\bin\nio.dll
Event: 0.119 Loaded shared library C:\Program Files\Java\jdk-18.0.2.1\bin\zip.dll
Event: 0.200 Loaded shared library C:\Program Files\Java\jdk-18.0.2.1\bin\jimage.dll
Event: 0.206 Loaded shared library C:\Users\Pourav\AppData\Local\Temp\libgdxSurya bhai\e787ab0a\gdx64.dll
Event: 0.258 Loaded shared library C:\Users\Pourav\AppData\Local\Temp\lwjglSurya bhai\3.3.1-build-7\lwjgl.dll
Event: 0.589 Loaded shared library C:\Users\Pourav\AppData\Local\Temp\lwjglSurya bhai\3.3.1-build-7\lwjgl_opengl.dll
Event: 0.964 Thread 0x0000024872580230 Thread added: 0x0000024872580230
Event: 2.938 Thread 0x00000248727828b0 Thread added: 0x00000248727828b0
Event: 3.129 Thread 0x00000248727828b0 Thread exited: 0x00000248727828b0
Event: 8.381 Thread 0x00000248728a4d10 Thread added: 0x00000248728a4d10
Event: 8.796 Thread 0x00000248728a4d10 Thread exited: 0x00000248728a4d10


Dynamic libraries:
0x00007ff6b4e50000 - 0x00007ff6b4e60000 	C:\Program Files\Java\jdk-18.0.2.1\bin\java.exe
0x00007ffbd4270000 - 0x00007ffbd4484000 	C:\WINDOWS\SYSTEM32\ntdll.dll
0x00007ffbd28f0000 - 0x00007ffbd29b2000 	C:\WINDOWS\System32\KERNEL32.DLL
0x00007ffbd1950000 - 0x00007ffbd1ced000 	C:\WINDOWS\System32\KERNELBASE.dll
0x00007ffbd1e10000 - 0x00007ffbd1f21000 	C:\WINDOWS\System32\ucrtbase.dll
0x00007ffbb61a0000 - 0x00007ffbb61b8000 	C:\Program Files\Java\jdk-18.0.2.1\bin\jli.dll
0x00007ffbb6870000 - 0x00007ffbb688a000 	C:\Program Files\Java\jdk-18.0.2.1\bin\VCRUNTIME140.dll
0x00007ffbd3d90000 - 0x00007ffbd3e3e000 	C:\WINDOWS\System32\ADVAPI32.dll
0x00007ffbd35f0000 - 0x00007ffbd3697000 	C:\WINDOWS\System32\msvcrt.dll
0x00007ffbd3f20000 - 0x00007ffbd3fc4000 	C:\WINDOWS\System32\sechost.dll
0x00007ffbd2ae0000 - 0x00007ffbd2bf5000 	C:\WINDOWS\System32\RPCRT4.dll
0x00007ffbd3260000 - 0x00007ffbd340a000 	C:\WINDOWS\System32\USER32.dll
0x00007ffbc1160000 - 0x00007ffbc13ee000 	C:\WINDOWS\WinSxS\amd64_microsoft.windows.common-controls_6595b64144ccf1df_6.0.22621.608_none_a9444ca7c10bb01d\COMCTL32.dll
0x00007ffbd18b0000 - 0x00007ffbd18d6000 	C:\WINDOWS\System32\win32u.dll
0x00007ffbd2850000 - 0x00007ffbd2879000 	C:\WINDOWS\System32\GDI32.dll
0x00007ffbd1cf0000 - 0x00007ffbd1e02000 	C:\WINDOWS\System32\gdi32full.dll
0x00007ffbcd7d0000 - 0x00007ffbcd7da000 	C:\WINDOWS\SYSTEM32\VERSION.dll
0x00007ffbd16a0000 - 0x00007ffbd173a000 	C:\WINDOWS\System32\msvcp_win.dll
0x00007ffbd39c0000 - 0x00007ffbd39f2000 	C:\WINDOWS\System32\IMM32.DLL
0x00007ffbc0d00000 - 0x00007ffbc0d0c000 	C:\Program Files\Java\jdk-18.0.2.1\bin\vcruntime140_1.dll
0x00007ffb745e0000 - 0x00007ffb7466d000 	C:\Program Files\Java\jdk-18.0.2.1\bin\msvcp140.dll
0x00007ffb50640000 - 0x00007ffb51251000 	C:\Program Files\Java\jdk-18.0.2.1\bin\server\jvm.dll
0x00007ffbd3150000 - 0x00007ffbd3158000 	C:\WINDOWS\System32\PSAPI.DLL
0x00007ffbc5530000 - 0x00007ffbc5539000 	C:\WINDOWS\SYSTEM32\WSOCK32.dll
0x00007ffbca610000 - 0x00007ffbca644000 	C:\WINDOWS\SYSTEM32\WINMM.dll
0x00007ffbd3160000 - 0x00007ffbd31d1000 	C:\WINDOWS\System32\WS2_32.dll
0x00007ffbd06d0000 - 0x00007ffbd06e8000 	C:\WINDOWS\SYSTEM32\kernel.appcore.dll
0x00007ffbbe0a0000 - 0x00007ffbbe0aa000 	C:\Program Files\Java\jdk-18.0.2.1\bin\jimage.dll
0x00007ffbce8b0000 - 0x00007ffbceade000 	C:\WINDOWS\SYSTEM32\DBGHELP.DLL
0x00007ffbd3a00000 - 0x00007ffbd3d8a000 	C:\WINDOWS\System32\combase.dll
0x00007ffbd3e40000 - 0x00007ffbd3f17000 	C:\WINDOWS\System32\OLEAUT32.dll
0x00007ffbc6020000 - 0x00007ffbc6052000 	C:\WINDOWS\SYSTEM32\dbgcore.DLL
0x00007ffbd1f30000 - 0x00007ffbd1fab000 	C:\WINDOWS\System32\bcryptPrimitives.dll
0x00007ffbb1360000 - 0x00007ffbb1385000 	C:\Program Files\Java\jdk-18.0.2.1\bin\java.dll
0x00007ffb73090000 - 0x00007ffb73166000 	C:\Program Files\Java\jdk-18.0.2.1\bin\jsvml.dll
0x00007ffbd2070000 - 0x00007ffbd2850000 	C:\WINDOWS\System32\SHELL32.dll
0x00007ffbcf690000 - 0x00007ffbcff55000 	C:\WINDOWS\SYSTEM32\windows.storage.dll
0x00007ffbcf550000 - 0x00007ffbcf68e000 	C:\WINDOWS\SYSTEM32\wintypes.dll
0x00007ffbd36a0000 - 0x00007ffbd3791000 	C:\WINDOWS\System32\SHCORE.dll
0x00007ffbd30f0000 - 0x00007ffbd314e000 	C:\WINDOWS\System32\shlwapi.dll
0x00007ffbd15d0000 - 0x00007ffbd15f1000 	C:\WINDOWS\SYSTEM32\profapi.dll
0x00007ffbb5ce0000 - 0x00007ffbb5cf3000 	C:\Program Files\Java\jdk-18.0.2.1\bin\net.dll
0x00007ffbcb5b0000 - 0x00007ffbcb6df000 	C:\WINDOWS\SYSTEM32\WINHTTP.dll
0x00007ffbd0b30000 - 0x00007ffbd0b99000 	C:\WINDOWS\system32\mswsock.dll
0x00007ffbb5bf0000 - 0x00007ffbb5c06000 	C:\Program Files\Java\jdk-18.0.2.1\bin\nio.dll
0x00007ffbb5650000 - 0x00007ffbb5668000 	C:\Program Files\Java\jdk-18.0.2.1\bin\zip.dll
0x0000000071e40000 - 0x0000000071e69000 	C:\Users\Pourav\AppData\Local\Temp\libgdxSurya bhai\e787ab0a\gdx64.dll
0x00007ffb93350000 - 0x00007ffb933c5000 	C:\Users\Pourav\AppData\Local\Temp\lwjglSurya bhai\3.3.1-build-7\lwjgl.dll
0x00007ffb61e50000 - 0x00007ffb620a9000 	C:\Users\Pourav\AppData\Local\Temp\lwjglSurya bhai\3.3.1-build-7\jemalloc.dll
0x00007ffb84d00000 - 0x00007ffb84d61000 	C:\Users\Pourav\AppData\Local\Temp\lwjglSurya bhai\3.3.1-build-7\glfw.dll
0x00007ffb83340000 - 0x00007ffb83386000 	C:\WINDOWS\SYSTEM32\dinput8.dll
0x00007ffb827b0000 - 0x00007ffb827c1000 	C:\WINDOWS\SYSTEM32\xinput1_4.dll
0x00007ffbd1390000 - 0x00007ffbd13de000 	C:\WINDOWS\SYSTEM32\cfgmgr32.dll
0x00007ffbd1350000 - 0x00007ffbd1383000 	C:\WINDOWS\SYSTEM32\DEVOBJ.dll
0x00007ffbceef0000 - 0x00007ffbcef1b000 	C:\WINDOWS\SYSTEM32\dwmapi.dll
0x00007ffbb63e0000 - 0x00007ffbb65e1000 	C:\WINDOWS\SYSTEM32\inputhost.dll
0x00007ffbccf20000 - 0x00007ffbcd053000 	C:\WINDOWS\SYSTEM32\CoreMessaging.dll
0x00007ffbcec90000 - 0x00007ffbced3b000 	C:\WINDOWS\system32\uxtheme.dll
0x00007ffbd29c0000 - 0x00007ffbd2ade000 	C:\WINDOWS\System32\MSCTF.dll
0x00007ffbd0dd0000 - 0x00007ffbd0ddc000 	C:\WINDOWS\SYSTEM32\CRYPTBASE.DLL
0x00007ffb623e0000 - 0x00007ffb62577000 	C:\Users\Pourav\AppData\Local\Temp\lwjglSurya bhai\3.3.1-build-7\OpenAL.dll
0x00007ffbd3820000 - 0x00007ffbd39bc000 	C:\WINDOWS\System32\ole32.dll
0x00007ffbd4160000 - 0x00007ffbd4217000 	C:\WINDOWS\System32\clbcatq.dll
0x00007ffbc5d70000 - 0x00007ffbc5e0d000 	C:\WINDOWS\System32\MMDevApi.dll
0x00007ffbb1580000 - 0x00007ffbb1764000 	C:\WINDOWS\SYSTEM32\AUDIOSES.DLL
0x00007ffbcf150000 - 0x00007ffbcf165000 	C:\WINDOWS\SYSTEM32\resourcepolicyclient.dll
0x00007ffbd1110000 - 0x00007ffbd115d000 	C:\WINDOWS\SYSTEM32\powrprof.dll
0x00007ffbd0fd0000 - 0x00007ffbd0fe3000 	C:\WINDOWS\SYSTEM32\UMPDC.dll
0x00007ffb819a0000 - 0x00007ffb81aa0000 	C:\WINDOWS\SYSTEM32\opengl32.dll
0x00007ffbbbdb0000 - 0x00007ffbbbddd000 	C:\WINDOWS\SYSTEM32\GLU32.dll
0x00007ffbceda0000 - 0x00007ffbcedd6000 	C:\WINDOWS\SYSTEM32\dxcore.dll
0x00007ffbc64f0000 - 0x00007ffbc6626000 	C:\Windows\System32\AppXDeploymentClient.dll
0x00007ffb49ff0000 - 0x00007ffb4d91d000 	C:\WINDOWS\System32\DriverStore\FileRepository\nvlti.inf_amd64_71a7d1f04eb44c3a\nvoglv64.dll
0x00007ffbd2c50000 - 0x00007ffbd30ca000 	C:\WINDOWS\System32\SETUPAPI.dll
0x00007ffbd0ff0000 - 0x00007ffbd1018000 	C:\WINDOWS\SYSTEM32\bcrypt.dll
0x00007ffbcd240000 - 0x00007ffbcd254000 	C:\WINDOWS\SYSTEM32\WTSAPI32.dll
0x00007ffbd1330000 - 0x00007ffbd1342000 	C:\WINDOWS\SYSTEM32\msasn1.dll
0x00007ffbc64b0000 - 0x00007ffbc64e2000 	C:\WINDOWS\SYSTEM32\cryptnet.dll
0x00007ffbd1740000 - 0x00007ffbd18a6000 	C:\WINDOWS\System32\CRYPT32.dll
0x00007ffbc6350000 - 0x00007ffbc64a8000 	C:\WINDOWS\SYSTEM32\drvstore.dll
0x00007ffbd0eb0000 - 0x00007ffbd0ef8000 	C:\WINDOWS\SYSTEM32\wldp.dll
0x00007ffbd18e0000 - 0x00007ffbd1949000 	C:\WINDOWS\System32\WINTRUST.dll
0x00007ffbd06f0000 - 0x00007ffbd0724000 	C:\WINDOWS\SYSTEM32\ntmarta.dll
0x00007ffb75170000 - 0x00007ffb7543f000 	C:\WINDOWS\system32\nvspcap64.dll
0x00007ffbd0d40000 - 0x00007ffbd0da6000 	C:\WINDOWS\SYSTEM32\WINSTA.dll
0x00007ffb81940000 - 0x00007ffb8199d000 	C:\Users\Pourav\AppData\Local\Temp\lwjglSurya bhai\3.3.1-build-7\lwjgl_opengl.dll
0x00007ffba3630000 - 0x00007ffba375d000 	C:\WINDOWS\SYSTEM32\textinputframework.dll
0x00007ffbc0020000 - 0x00007ffbc038c000 	C:\WINDOWS\SYSTEM32\CoreUIComponents.dll

dbghelp: loaded successfully - version: 4.0.5 - missing functions: none
symbol engine: initialized successfully - sym options: 0x614 - pdb path: .;C:\Program Files\Java\jdk-18.0.2.1\bin;C:\WINDOWS\SYSTEM32;C:\WINDOWS\WinSxS\amd64_microsoft.windows.common-controls_6595b64144ccf1df_6.0.22621.608_none_a9444ca7c10bb01d;C:\Program Files\Java\jdk-18.0.2.1\bin\server;C:\Users\Pourav\AppData\Local\Temp\libgdxSurya bhai\e787ab0a;C:\Users\Pourav\AppData\Local\Temp\lwjglSurya bhai\3.3.1-build-7;C:\WINDOWS\System32\DriverStore\FileRepository\nvlti.inf_amd64_71a7d1f04eb44c3a

VM Arguments:
jvm_args: -Dfile.encoding=windows-1252 -Duser.country=IN -Duser.language=en -Duser.variant 
java_command: com.badlogic.drop.DesktopLauncher
java_class_path (initial): C:\Users\Pourav\OneDrive\Desktop\ourFinalGame\desktop\build\classes\java\main;C:\Users\Pourav\OneDrive\Desktop\ourFinalGame\desktop\build\resources\main;C:\Users\Pourav\.gradle\caches\modules-2\files-2.1\com.badlogicgames.gdx\gdx-backend-lwjgl3\1.11.0\58a96db4cd349be4292d547856aa1e1c5f065f4e\gdx-backend-lwjgl3-1.11.0.jar;C:\Users\Pourav\.gradle\caches\modules-2\files-2.1\com.badlogicgames.gdx\gdx-platform\1.11.0\697fb13eada6d3c6ca648c9788692b0159add126\gdx-platform-1.11.0-natives-desktop.jar;C:\Users\Pourav\OneDrive\Desktop\ourFinalGame\core\build\libs\core-1.0.jar;C:\Users\Pourav\.gradle\caches\modules-2\files-2.1\com.badlogicgames.gdx\gdx\1.11.0\ffe1206d1004cd9e40027e28964be0fea0399af7\gdx-1.11.0.jar;C:\Users\Pourav\.gradle\caches\modules-2\files-2.1\org.lwjgl\lwjgl-glfw\3.3.1\cbac1b8d30cb4795149c1ef540f912671a8616d0\lwjgl-glfw-3.3.1.jar;C:\Users\Pourav\.gradle\caches\modules-2\files-2.1\org.lwjgl\lwjgl-glfw\3.3.1\81716978214ecbda15050ca394b06ef61501a49e\lwjgl-glfw-3.3.1-natives-linux.jar;C:\Users\Pourav\.gradle\caches\modules-2\files-2.1\org.lwjgl\lwjgl-glfw\3.3.1\816d935933f2dd743074c4e717cc25b55720f294\lwjgl-glfw-3.3.1-natives-linux-arm32.jar;C:\Users\Pourav\.gradle\caches\modules-2\files-2.1\org.lwjgl\lwjgl-glfw\3.3.1\513eb39b866d0fe131a18d5c517087805433b029\lwjgl-glfw-3.3.1-natives-linux-arm64.jar;C:\Users\Pourav\.gradle\caches\modules-2\files-2.1\org.lwjgl\lwjgl-glfw\3.3.1\9ec4ce1fc8c85fdef03ef4ff2aace6f5775fb280\lwjgl-glfw-3.3.1-natives-macos.jar;C:\Users\Pourav\.gradle\caches\modules-2\files-2.1\org.lwjgl\lwjgl-glfw\3.3.1\cac0d3f712a3da7641fa174735a5f315de7ffe0a\lwjgl-glfw-3.3.1-natives-macos-arm64.jar;C:\Users\Pourav\.gradle\caches\modules-2\files-2.1\org.lwjgl\lwjgl-glfw\3.3.1\ed892f945cf7e79c8756796f32d00fa4ceaf573b\lwjgl-glfw-3.3.1-natives-windows.jar;C:\Users\Pourav\.gradle\caches\modules-2\files-2.1\org.lwjgl\lwjgl-glfw\3.3.1\b997e3391d6ce8f05487e7335d95c606043884a1\lwjgl-glfw-3.3.1-natives-windows-x86.jar;C:\Users\Pourav\.gradle\caches\modules-2\files-2.1\org.lwjgl\lwjgl-jemalloc\3.3.1\a817bcf213db49f710603677457567c37d53e103\lwjgl-jemalloc-3.3.1.jar;C:\Users\Pourav\.gradle\caches\modules-2\files-2.1\org.lwjgl\lwjgl-jemalloc\3.3.1\33dbb017b6ed6b25f993ad9d56741a49e7937718\lwjgl-jemalloc-3.3.1-natives-linux.jar;C:\Users\Pourav\.gradle\caches\modules-2\files-2.1\org.lwjgl\lwjgl-jemalloc\3.3.1\a96a6d6cb3876d7813fcee53c3c24f246aeba3b3\lwjgl-jemalloc-3.3.1-natives-linux-arm32.jar;C:\Users\Pourav\.gradle\caches\modules-2\files-2.1\org.lwjgl\lwjgl-jemalloc\3.3.1\c6606e57db075ad218a2e78d2416c159a53b6a0c\lwjgl-jemalloc-3.3.1-natives-linux-arm64.jar;C:\Users\Pourav\.gradle\caches\modules-2\files-2.1\org.lwjgl\lwjgl-jemalloc\3.3.1\56424dc8db3cfb8e7b594aa6d59a4f4387b7f544\lwjgl-jemalloc-3.3.1-natives-macos.jar;C:\Users\Pourav\.gradle\caches\modules-2\files-2.1\org.lwjgl\lwjgl-jemalloc\3.3.1\e577b87d8ad2ade361aaea2fcf226c660b15dee8\lwjgl-jemalloc-3.3.1-natives-macos-arm64.jar;C:\Users\Pourav\.gradle\caches\modules-2\files-2.1\org.lwjgl\lwjgl-jemalloc\3.3.1\948a89b76a16aa324b046ae9308891216ffce5f9\lwjgl-jemalloc-3.3.1-natives-windows.jar;C:\Users\Pourav\.gradle\caches\modules-2\files-2.1\org.lwjgl\lwjgl-jemalloc\3.3.1\fb476c8ec110e1c137ad3ce8a7f7bfe6b11c6324\lwjgl-jemalloc-3.3.1-natives-windows-x86.jar;C:\Users\Pourav\.gradle\caches\modules-2\files-2.1\org.lwjgl\lwjgl-openal\3.3.1\2623a6b8ae1dfcd880738656a9f0243d2e6840bd\lwjgl-openal-3.3.1.jar;C:\Users\Pourav\.gradle\caches\modules-2\files-2.1\org.lwjgl\lwjgl-openal\3.3.1\f906b6439f6daa66001182ea7727e3467a93681b\lwjgl-openal-3.3.1-natives-linux.jar;C:\Users\Pourav\.gradle\caches\modules-2\files-2.1\org.lwjgl\lwjgl-openal\3.3.1\ffbe35d7fa5ec9b7eca136a7c71f24d4025a510b\lwjgl-openal-3.3.1-natives-linux-arm32.jar;C:\Users\Pourav\.gradle\caches\modules-2\files-2.1\org.lwjgl\lwjgl-openal\3.3.1\cf4e303257e82981b8b2e31bba3d7f8f7b8f42b2\lwjgl-openal-3.3.1-natives-linux-arm64.jar;C:\Users\Pourav\.gradle\caches\modules-2\files-2.1\org.lwjgl\lwjgl-openal\3.3.1\3a57b8911835fb58b5e558d0ca0d28157e263d45\lwjgl-openal-3.3.1-natives-macos.jar;C:\Users\Pourav\.gradle\caches\modules-2\files-2.1\org.lwjgl\lwjgl-openal\3.3.1\23d55e7490b57495320f6c9e1936d78fd72c4ef8\lwjgl-openal-3.3.1-natives-macos-arm64.jar;C:\Users\Pourav\.gradle\caches\modules-2\files-2.1\org.lwjgl\lwjgl-openal\3.3.1\30a474d0e57193d7bc128849a3ab66bc9316fdb1\lwjgl-openal-3.3.1-natives-windows.jar;C:\Users\Pourav\.gradle\caches\modules-2\files-2.1\org.lwjgl\lwjgl-openal\3.3.1\888349f7b1be6fbae58bf8edfb9ef12def04c4e3\lwjgl-openal-3.3.1-natives-windows-x86.jar;C:\Users\Pourav\.gradle\caches\modules-2\files-2.1\org.lwjgl\lwjgl-opengl\3.3.1\831a5533a21a5f4f81bbc51bb13e9899319b5411\lwjgl-opengl-3.3.1.jar;C:\Users\Pourav\.gradle\caches\modules-2\files-2.1\org.lwjgl\lwjgl-opengl\3.3.1\ab9ab6fde3743e3550fa5d46d785ecb45b047d99\lwjgl-opengl-3.3.1-natives-linux.jar;C:\Users\Pourav\.gradle\caches\modules-2\files-2.1\org.lwjgl\lwjgl-opengl\3.3.1\e3550fa91097fd56e361b4370fa822220fef3595\lwjgl-opengl-3.3.1-natives-linux-arm32.jar;C:\Users\Pourav\.gradle\caches\modules-2\files-2.1\org.lwjgl\lwjgl-opengl\3.3.1\1c528fb258a6e63e8fceb4482d8db0f3af10a634\lwjgl-opengl-3.3.1-natives-linux-arm64.jar;C:\Users\Pourav\.gradle\caches\modules-2\files-2.1\org.lwjgl\lwjgl-opengl\3.3.1\a0d12697ea019a7362eff26475b0531340e876a6\lwjgl-opengl-3.3.1-natives-macos.jar;C:\Users\Pourav\.gradle\caches\modules-2\files-2.1\org.lwjgl\lwjgl-opengl\3.3.1\eafe34b871d966292e8db0f1f3d6b8b110d4e91d\lwjgl-opengl-3.3.1-natives-macos-arm64.jar;C:\Users\Pourav\.gradle\caches\modules-2\files-2.1\org.lwjgl\lwjgl-opengl\3.3.1\c1807e9bd571402787d7e37e3029776ae2513bb8\lwjgl-opengl-3.3.1-natives-windows.jar;C:\Users\Pourav\.gradle\caches\modules-2\files-2.1\org.lwjgl\lwjgl-opengl\3.3.1\deef3eb9b178ff2ff3ce893cc72ae741c3a17974\lwjgl-opengl-3.3.1-natives-windows-x86.jar;C:\Users\Pourav\.gradle\caches\modules-2\files-2.1\org.lwjgl\lwjgl-stb\3.3.1\b119297cf8ed01f247abe8685857f8e7fcf5980f\lwjgl-stb-3.3.1.jar;C:\Users\Pourav\.gradle\caches\modules-2\files-2.1\org.lwjgl\lwjgl-stb\3.3.1\3ee7aec8686e52867677110415566a5342a80230\lwjgl-stb-3.3.1-natives-linux.jar;C:\Users\Pourav\.gradle\caches\modules-2\files-2.1\org.lwjgl\lwjgl-stb\3.3.1\b08226bab162c06ae69337d8a1b0ee0a3fdf0b90\lwjgl-stb-3.3.1-natives-linux-arm32.jar;C:\Users\Pourav\.gradle\caches\modules-2\files-2.1\org.lwjgl\lwjgl-stb\3.3.1\8e8348a1813aad7f30aaf75ea197151ebb7beba9\lwjgl-stb-3.3.1-natives-linux-arm64.jar;C:\Users\Pourav\.gradle\caches\modules-2\files-2.1\org.lwjgl\lwjgl-stb\3.3.1\def8879b8d38a47a4cc1d48b1f9a7b772e51258e\lwjgl-stb-3.3.1-natives-macos.jar;C:\Users\Pourav\.gradle\caches\modules-2\files-2.1\org.lwjgl\lwjgl-stb\3.3.1\fcf073ed911752abdca5f0b00a53cfdf17ff8e8b\lwjgl-stb-3.3.1-natives-macos-arm64.jar;C:\Users\Pourav\.gradle\caches\modules-2\files-2.1\org.lwjgl\lwjgl-stb\3.3.1\86315914ac119efdb02dc9e8e978ade84f1702af\lwjgl-stb-3.3.1-natives-windows.jar;C:\Users\Pourav\.gradle\caches\modules-2\files-2.1\org.lwjgl\lwjgl-stb\3.3.1\a8d41f419eecb430b7c91ea2ce2c5c451cae2091\lwjgl-stb-3.3.1-natives-windows-x86.jar;C:\Users\Pourav\.gradle\caches\modules-2\files-2.1\org.lwjgl\lwjgl\3.3.1\ae58664f88e18a9bb2c77b063833ca7aaec484cb\lwjgl-3.3.1.jar;C:\Users\Pourav\.gradle\caches\modules-2\files-2.1\org.lwjgl\lwjgl\3.3.1\1de885aba434f934201b99f2f1afb142036ac189\lwjgl-3.3.1-natives-linux.jar;C:\Users\Pourav\.gradle\caches\modules-2\files-2.1\org.lwjgl\lwjgl\3.3.1\41a3c1dd15d6b964eb8196dde69720a3e3e5e969\lwjgl-3.3.1-natives-linux-arm32.jar;C:\Users\Pourav\.gradle\caches\modules-2\files-2.1\org.lwjgl\lwjgl\3.3.1\b597401014acb7196c76d97e15a6288f54f1f692\lwjgl-3.3.1-natives-linux-arm64.jar;C:\Users\Pourav\.gradle\caches\modules-2\files-2.1\org.lwjgl\lwjgl\3.3.1\fc6bb723dec2cd031557dccb2a95f0ab80acb9db\lwjgl-3.3.1-natives-macos.jar;C:\Users\Pourav\.gradle\caches\modules-2\files-2.1\org.lwjgl\lwjgl\3.3.1\71d0d5e469c9c95351eb949064497e3391616ac9\lwjgl-3.3.1-natives-macos-arm64.jar;C:\Users\Pourav\.gradle\caches\modules-2\files-2.1\org.lwjgl\lwjgl\3.3.1\36c37f16ab611b3aa11f3bcf80b1d509b4ce6b\lwjgl-3.3.1-natives-windows.jar;C:\Users\Pourav\.gradle\caches\modules-2\files-2.1\org.lwjgl\lwjgl\3.3.1\3b14f4beae9dd39791ec9e12190a9380cd8a3ce6\lwjgl-3.3.1-natives-windows-x86.jar;C:\Users\Pourav\.gradle\caches\modules-2\files-2.1\com.badlogicgames.jlayer\jlayer\1.0.1-gdx\7cca83cec5c1b2f011362f4d85aabd71a73b049d\jlayer-1.0.1-gdx.jar;C:\Users\Pourav\.gradle\caches\modules-2\files-2.1\org.jcraft\jorbis\0.0.17\8872d22b293e8f5d7d56ff92be966e6dc28ebdc6\jorbis-0.0.17.jar;C:\Users\Pourav\.gradle\caches\modules-2\files-2.1\com.badlogicgames.gdx\gdx-jnigen-loader\2.3.1\2d472f69243631fbcb3d4c3f93dd2e137a6cb084\gdx-jnigen-loader-2.3.1.jar
Launcher Type: SUN_STANDARD

[Global flags]
     intx CICompilerCount                          = 4                                         {product} {ergonomic}
     uint ConcGCThreads                            = 3                                         {product} {ergonomic}
     uint G1ConcRefinementThreads                  = 10                                        {product} {ergonomic}
   size_t G1HeapRegionSize                         = 1048576                                   {product} {ergonomic}
    uintx GCDrainStackTargetSize                   = 64                                        {product} {ergonomic}
   size_t InitialHeapSize                          = 134217728                                 {product} {ergonomic}
   size_t MarkStackSize                            = 4194304                                   {product} {ergonomic}
   size_t MaxHeapSize                              = 2124414976                                {product} {ergonomic}
   size_t MaxNewSize                               = 1274019840                                {product} {ergonomic}
   size_t MinHeapDeltaBytes                        = 1048576                                   {product} {ergonomic}
   size_t MinHeapSize                              = 8388608                                   {product} {ergonomic}
    uintx NonNMethodCodeHeapSize                   = 5839372                                {pd product} {ergonomic}
    uintx NonProfiledCodeHeapSize                  = 122909434                              {pd product} {ergonomic}
    uintx ProfiledCodeHeapSize                     = 122909434                              {pd product} {ergonomic}
    uintx ReservedCodeCacheSize                    = 251658240                              {pd product} {ergonomic}
     bool SegmentedCodeCache                       = true                                      {product} {ergonomic}
   size_t SoftMaxHeapSize                          = 2124414976                             {manageable} {ergonomic}
     bool UseCompressedClassPointers               = true                           {product lp64_product} {ergonomic}
     bool UseCompressedOops                        = true                           {product lp64_product} {ergonomic}
     bool UseG1GC                                  = true                                      {product} {ergonomic}
     bool UseLargePagesIndividualAllocation        = false                                  {pd product} {ergonomic}

Logging:
Log output configuration:
 #0: stdout all=warning uptime,level,tags foldmultilines=false
 #1: stderr all=off uptime,level,tags foldmultilines=false

Environment Variables:
PATH=C:\Program Files\Common Files\Oracle\Java\javapath;C:\Windows\system32;C:\Windows;C:\Windows\System32\Wbem;C:\Windows\System32\WindowsPowerShell\v1.0\;C:\Windows\System32\OpenSSH\;C:\Program Files (x86)\NVIDIA Corporation\PhysX\Common;C:\Program Files\NVIDIA Corporation\NVIDIA NvDLISR;C:\WINDOWS\system32;C:\WINDOWS;C:\WINDOWS\System32\Wbem;C:\WINDOWS\System32\WindowsPowerShell\v1.0\;C:\WINDOWS\System32\OpenSSH\;C:\Users\Pourav\AppData\Local\Programs\Python\Python310\Scripts\;C:\Users\Pourav\AppData\Local\Programs\Python\Python310\;C:\Users\Pourav\AppData\Local\Microsoft\WindowsApps;;C:\Users\Pourav\AppData\Local\Programs\Microsoft VS Code\bin
USERNAME=Surya bhai
OS=Windows_NT
PROCESSOR_IDENTIFIER=Intel64 Family 6 Model 165 Stepping 2, GenuineIntel



---------------  S Y S T E M  ---------------

OS:
 Windows 11 , 64 bit Build 22621 (10.0.22621.755)
OS uptime: 13 days 22:49 hours
Hyper-V role detected

CPU: total 12 (initial active 12) (6 cores per cpu, 2 threads per core) family 6 model 165 stepping 2 microcode 0xea, cx8, cmov, fxsr, ht, mmx, 3dnowpref, sse, sse2, sse3, ssse3, sse4.1, sse4.2, popcnt, lzcnt, tsc, tscinvbit, avx, avx2, aes, erms, clmul, bmi1, bmi2, adx, fma, vzeroupper, clflush, clflushopt, hv

Memory: 4k page, system-wide physical 8099M (637M free)
TotalPageFile size 20387M (AvailPageFile size 2576M)
current process WorkingSet (physical memory assigned to process): 150M, peak: 218M
current process commit charge ("private bytes"): 417M, peak: 452M

vm_info: Java HotSpot(TM) 64-Bit Server VM (18.0.2.1+1-1) for windows-amd64 JRE (18.0.2.1+1-1), built on Aug 16 2022 01:46:33 by "mach5one" with MS VC++ 16.8 / 16.9 (VS2019)

END.
